<!DOCTYPE html PUBLIC "-//W3C//DTD XHTML 1.1//EN" "http://www.w3.org/TR/xhtml11/DTD/xhtml11.dtd">
<html xmlns="http://www.w3.org/1999/xhtml"><head><title>TestNG Report</title><style type="text/css">table {margin-bottom:10px;border-collapse:collapse;empty-cells:show}th,td {border:1px solid #009;padding:.25em .5em}th {vertical-align:bottom}td {vertical-align:top}table a {font-weight:bold}.stripe td {background-color: #E6EBF9}.num {text-align:right}.passedodd td {background-color: #3F3}.passedeven td {background-color: #0A0}.skippedodd td {background-color: #DDD}.skippedeven td {background-color: #CCC}.failedodd td,.attn {background-color: #F33}.failedeven td,.stripe .attn {background-color: #D00}.stacktrace {white-space:pre;font-family:monospace}.totop {font-size:85%;text-align:center;border-bottom:2px solid #000}</style></head><body><table><tr><th>Test</th><th># Passed</th><th># Skipped</th><th># Failed</th><th>Time (ms)</th><th>Included Groups</th><th>Excluded Groups</th></tr><tr><th colspan="7">Suite for Acceptance test cases</th></tr><tr><td><a href="#t0">Acceptance Test cases</a></td><td class="num">22</td><td class="num">0</td><td class="num attn">2</td><td class="num">146,913</td><td></td><td></td></tr></table><table><thead><tr><th>Class</th><th>Method</th><th>Start</th><th>Time (ms)</th></tr></thead><tbody><tr><th colspan="4">Suite for Acceptance test cases</th></tr></tbody><tbody id="t0"><tr><th colspan="4">Acceptance Test cases &#8212; failed</th></tr><tr class="failedeven"><td rowspan="1">org.rm.automation.admin.tests.emailServices.RemoveServer</td><td><a href="#m0">TestRemoveServer</a></td><td rowspan="1">1442692922860</td><td rowspan="1">12079</td></tr><tr class="failedodd"><td rowspan="1">org.rm.automation.admin.tests.locations.createAssociatedLocation</td><td><a href="#m1">testCreateAssociatedLocation</a></td><td rowspan="1">1442692865797</td><td rowspan="1">14116</td></tr><tr><th colspan="4">Acceptance Test cases &#8212; passed</th></tr><tr class="passedeven"><td rowspan="1">org.rm.automation.admin.tests.conferenceRooms.VerifyResourceAssociatedToRoom</td><td><a href="#m2">verifyResourceAssociatedToRoom</a></td><td rowspan="1">1442692811290</td><td rowspan="1">6017</td></tr><tr class="passedodd"><td rowspan="1">org.rm.automation.admin.tests.conferenceRooms.VerifyRoomCapacityUpdate</td><td><a href="#m3">verifyRoomCapacityUpdate</a></td><td rowspan="1">1442692827147</td><td rowspan="1">4244</td></tr><tr class="passedeven"><td rowspan="1">org.rm.automation.admin.tests.conferenceRooms.VerifyRoomCodeUpdate</td><td><a href="#m4">verifyRoomCodeUpdate</a></td><td rowspan="1">1442692831392</td><td rowspan="1">6952</td></tr><tr class="passedodd"><td rowspan="1">org.rm.automation.admin.tests.conferenceRooms.VerifyRoomName</td><td><a href="#m5">verifyRoomName</a></td><td rowspan="1">1442692838346</td><td rowspan="1">3052</td></tr><tr class="passedeven"><td rowspan="1">org.rm.automation.admin.tests.conferenceRooms.VerifyRoomNameUpdate</td><td><a href="#m6">verifyRoomNameUpdate</a></td><td rowspan="1">1442692841400</td><td rowspan="1">12562</td></tr><tr class="passedodd"><td rowspan="1">org.rm.automation.admin.tests.conferenceRooms.VerifyRoomStateDisabled</td><td><a href="#m7">verifyRoomStateDisabled</a></td><td rowspan="1">1442692821960</td><td rowspan="1">5186</td></tr><tr class="passedeven"><td rowspan="1">org.rm.automation.admin.tests.conferenceRooms.VerifyRoomStateEnabled</td><td><a href="#m8">verifyRoomStateEnabled</a></td><td rowspan="1">1442692817308</td><td rowspan="1">4651</td></tr><tr class="passedodd"><td rowspan="1">org.rm.automation.admin.tests.emailServices.AddServer</td><td><a href="#m9">TestAddServer</a></td><td rowspan="1">1442692935110</td><td rowspan="1">12554</td></tr><tr class="passedeven"><td rowspan="1">org.rm.automation.admin.tests.impersonation.DisableImpersonation</td><td><a href="#m10">disableImpersonation</a></td><td rowspan="1">1442692857502</td><td rowspan="1">2851</td></tr><tr class="passedodd"><td rowspan="1">org.rm.automation.admin.tests.impersonation.EnableImpersonation</td><td><a href="#m11">enableImpersonation</a></td><td rowspan="1">1442692854298</td><td rowspan="1">2905</td></tr><tr class="passedeven"><td rowspan="1">org.rm.automation.admin.tests.locations.createBasicLocation</td><td><a href="#m12">testCreateBasicLocation</a></td><td rowspan="1">1442692860354</td><td rowspan="1">5276</td></tr><tr class="passedodd"><td rowspan="1">org.rm.automation.admin.tests.login.DisplayHomeConsole</td><td><a href="#m13">homeconsoleDisplay</a></td><td rowspan="1">1442692805312</td><td rowspan="1">2823</td></tr><tr class="passedeven"><td rowspan="1">org.rm.automation.admin.tests.login.DisplayLogon</td><td><a href="#m14">logonIsDisplayed</a></td><td rowspan="1">1442692801910</td><td rowspan="1">3399</td></tr><tr class="passedodd"><td rowspan="1">org.rm.automation.admin.tests.login.DisplayMainMenu</td><td><a href="#m15">mainMenuDisplay</a></td><td rowspan="1">1442692808136</td><td rowspan="1">3153</td></tr><tr class="passedeven"><td rowspan="1">org.rm.automation.admin.tests.resources.CreateResource</td><td><a href="#m16">testCreateResource</a></td><td rowspan="1">1442692880216</td><td rowspan="1">6835</td></tr><tr class="passedodd"><td rowspan="1">org.rm.automation.admin.tests.resources.CreateResourceAllFields</td><td><a href="#m17">testCreateResourceAllFields</a></td><td rowspan="1">1442692887143</td><td rowspan="1">7626</td></tr><tr class="passedeven"><td rowspan="1">org.rm.automation.admin.tests.resources.DeleteResource</td><td><a href="#m18">testDeleteResource</a></td><td rowspan="1">1442692917895</td><td rowspan="1">4964</td></tr><tr class="passedodd"><td rowspan="1">org.rm.automation.admin.tests.resources.SearchResource</td><td><a href="#m19">testSearchResource</a></td><td rowspan="1">1442692914313</td><td rowspan="1">3397</td></tr><tr class="passedeven"><td rowspan="1">org.rm.automation.admin.tests.resources.UpdateDescription</td><td><a href="#m20">testUpdateDescription</a></td><td rowspan="1">1442692909124</td><td rowspan="1">4683</td></tr><tr class="passedodd"><td rowspan="1">org.rm.automation.admin.tests.resources.UpdateDisplayName</td><td><a href="#m21">testUpdateDisplayName</a></td><td rowspan="1">1442692899598</td><td rowspan="1">4924</td></tr><tr class="passedeven"><td rowspan="1">org.rm.automation.admin.tests.resources.UpdateIcon</td><td><a href="#m22">testUpdateIcon</a></td><td rowspan="1">1442692904692</td><td rowspan="1">4207</td></tr><tr class="passedodd"><td rowspan="1">org.rm.automation.admin.tests.resources.UpdateName</td><td><a href="#m23">testUpdateName</a></td><td rowspan="1">1442692894903</td><td rowspan="1">4507</td></tr></tbody></table><h2>Acceptance Test cases</h2><h3 id="m0">org.rm.automation.admin.tests.emailServices.RemoveServer#TestRemoveServer</h3><table class="result"><tr><th>Messages</th></tr><tr><td><div class="messages">&lt;b&gt;Test Case Title: Acceptance Test cases&lt;/b&gt;&lt;br/&gt;<br/>&lt;b&gt;Screenshot: &lt;/b&gt;&lt;br/&gt;&lt;a href=&quot;..\screenshots\Acceptance_Test_cases-19_Sep_2015__04_02_15PM.png&quot;&gt;&lt;img src=&quot;..\screenshots\Acceptance_Test_cases-19_Sep_2015__04_02_15PM.png&quot; alt=&quot;&quot;height=&apos;400&apos; width=&apos;600&apos;/&gt;&lt;br/&gt;</div></td></tr><tr><th>Exception</th></tr><tr><td><div class="stacktrace">java.lang.IndexOutOfBoundsException: Index: 0, Size: 0
	at java.util.ArrayList.rangeCheck(ArrayList.java:653)
	at java.util.ArrayList.get(ArrayList.java:429)
	at org.rm.automation.utils.api.ServicesRequests.getServiceId(ServicesRequests.java:106)
	at org.rm.automation.admin.tests.emailServices.RemoveServer.TestRemoveServer(RemoveServer.java:46)
... Removed 27 stack frames</div></td></tr></table><p class="totop"><a href="#summary">back to summary</a></p><h3 id="m1">org.rm.automation.admin.tests.locations.createAssociatedLocation#testCreateAssociatedLocation</h3><table class="result"><tr><th>Messages</th></tr><tr><td><div class="messages">&lt;b&gt;Test Case Title: Acceptance Test cases&lt;/b&gt;&lt;br/&gt;<br/>&lt;b&gt;Screenshot: &lt;/b&gt;&lt;br/&gt;&lt;a href=&quot;..\screenshots\Acceptance_Test_cases-19_Sep_2015__04_01_20PM.png&quot;&gt;&lt;img src=&quot;..\screenshots\Acceptance_Test_cases-19_Sep_2015__04_01_20PM.png&quot; alt=&quot;&quot;height=&apos;400&apos; width=&apos;600&apos;/&gt;&lt;br/&gt;</div></td></tr><tr><th>Exception</th></tr><tr><td><div class="stacktrace">org.openqa.selenium.TimeoutException: Timed out after 10 seconds waiting for presence of element located by: By.xpath: //input[@ng-model=&apos;searchDisplayName&apos;]
Build info: version: &apos;2.47.1&apos;, revision: &apos;unknown&apos;, time: &apos;2015-07-30 11:02:44&apos;
System info: host: &apos;LUFER-PC&apos;, ip: &apos;192.168.0.102&apos;, os.name: &apos;Windows 7&apos;, os.arch: &apos;amd64&apos;, os.version: &apos;6.1&apos;, java.version: &apos;1.8.0_51&apos;
Driver info: org.openqa.selenium.firefox.FirefoxDriver
Capabilities [{applicationCacheEnabled=true, rotatable=false, handlesAlerts=true, databaseEnabled=true, version=40.0.3, platform=WINDOWS, nativeEvents=false, acceptSslCerts=true, webStorageEnabled=true, locationContextEnabled=true, browserName=firefox, takesScreenshot=true, javascriptEnabled=true, cssSelectorsEnabled=true}]
Session ID: 85e0ae63-c586-46a2-b3e3-ab21be807c52
	at org.openqa.selenium.support.ui.WebDriverWait.timeoutException(WebDriverWait.java:80)
	at org.openqa.selenium.support.ui.FluentWait.until(FluentWait.java:229)
	at org.rm.automation.utils.Waiters.WaitByXPath(Waiters.java:20)
	at org.rm.automation.admin.pageobjects.locations.FormAssociateRoomPage.searchConferenceRoom(FormAssociateRoomPage.java:24)
	at org.rm.automation.admin.pageobjects.locations.FormAssociateRoomPage.associateConferenceRoom(FormAssociateRoomPage.java:48)
	at org.rm.automation.admin.tests.locations.createAssociatedLocation.testCreateAssociatedLocation(createAssociatedLocation.java:46)
Caused by: org.openqa.selenium.NoSuchElementException: Unable to locate element: {&quot;method&quot;:&quot;xpath&quot;,&quot;selector&quot;:&quot;//input[@ng-model=&apos;searchDisplayName&apos;]&quot;}
Command duration or timeout: 10.11 seconds
For documentation on this error, please visit: http://seleniumhq.org/exceptions/no_such_element.html
Build info: version: &apos;2.47.1&apos;, revision: &apos;unknown&apos;, time: &apos;2015-07-30 11:02:44&apos;
System info: host: &apos;LUFER-PC&apos;, ip: &apos;192.168.0.102&apos;, os.name: &apos;Windows 7&apos;, os.arch: &apos;amd64&apos;, os.version: &apos;6.1&apos;, java.version: &apos;1.8.0_51&apos;
Driver info: org.openqa.selenium.firefox.FirefoxDriver
Capabilities [{applicationCacheEnabled=true, rotatable=false, handlesAlerts=true, databaseEnabled=true, version=40.0.3, platform=WINDOWS, nativeEvents=false, acceptSslCerts=true, webStorageEnabled=true, locationContextEnabled=true, browserName=firefox, takesScreenshot=true, javascriptEnabled=true, cssSelectorsEnabled=true}]
Session ID: 85e0ae63-c586-46a2-b3e3-ab21be807c52
*** Element info: {Using=xpath, value=//input[@ng-model=&apos;searchDisplayName&apos;]}
	at org.openqa.selenium.remote.ErrorHandler.createThrowable(ErrorHandler.java:206)
	at org.openqa.selenium.remote.ErrorHandler.throwIfResponseFailed(ErrorHandler.java:158)
	at org.openqa.selenium.remote.RemoteWebDriver.execute(RemoteWebDriver.java:595)
	at org.openqa.selenium.remote.RemoteWebDriver.findElement(RemoteWebDriver.java:348)
	at org.openqa.selenium.remote.RemoteWebDriver.findElementByXPath(RemoteWebDriver.java:445)
	at org.openqa.selenium.By$ByXPath.findElement(By.java:358)
	at org.openqa.selenium.remote.RemoteWebDriver.findElement(RemoteWebDriver.java:340)
	at org.openqa.selenium.support.ui.ExpectedConditions.findElement(ExpectedConditions.java:861)
	at org.openqa.selenium.support.ui.ExpectedConditions.access$000(ExpectedConditions.java:41)
	at org.openqa.selenium.support.ui.ExpectedConditions$6.apply(ExpectedConditions.java:181)
	at org.openqa.selenium.support.ui.ExpectedConditions$6.apply(ExpectedConditions.java:178)
	at org.openqa.selenium.support.ui.FluentWait.until(FluentWait.java:209)
	... 31 more
Caused by: org.openqa.selenium.NoSuchElementException: Unable to locate element: {&quot;method&quot;:&quot;xpath&quot;,&quot;selector&quot;:&quot;//input[@ng-model=&apos;searchDisplayName&apos;]&quot;}
For documentation on this error, please visit: http://seleniumhq.org/exceptions/no_such_element.html
Build info: version: &apos;2.47.1&apos;, revision: &apos;unknown&apos;, time: &apos;2015-07-30 11:02:44&apos;
System info: host: &apos;LUFER-PC&apos;, ip: &apos;192.168.0.102&apos;, os.name: &apos;Windows 7&apos;, os.arch: &apos;amd64&apos;, os.version: &apos;6.1&apos;, java.version: &apos;1.8.0_51&apos;
Driver info: driver.version: unknown
	at &lt;anonymous class&gt;.FirefoxDriver.prototype.findElementInternal_(file:///C:/Users/LUFER/AppData/Local/Temp/anonymous7634747317455025527webdriver-profile/extensions/fxdriver@googlecode.com/components/driver-component.js:10667)
	at &lt;anonymous class&gt;.fxdriver.Timer.prototype.setTimeout/&lt;.notify(file:///C:/Users/LUFER/AppData/Local/Temp/anonymous7634747317455025527webdriver-profile/extensions/fxdriver@googlecode.com/components/driver-component.js:623)
... Removed 31 stack frames</div></td></tr></table><p class="totop"><a href="#summary">back to summary</a></p><h3 id="m2">org.rm.automation.admin.tests.conferenceRooms.VerifyResourceAssociatedToRoom#verifyResourceAssociatedToRoom</h3><table class="result"><tr><th>Messages</th></tr><tr><td><div class="messages">&lt;b&gt;Test Case Title: Acceptance Test cases&lt;/b&gt;&lt;br/&gt;</div></td></tr></table><p class="totop"><a href="#summary">back to summary</a></p><h3 id="m3">org.rm.automation.admin.tests.conferenceRooms.VerifyRoomCapacityUpdate#verifyRoomCapacityUpdate</h3><table class="result"><tr><th>Messages</th></tr><tr><td><div class="messages">&lt;b&gt;Test Case Title: Acceptance Test cases&lt;/b&gt;&lt;br/&gt;</div></td></tr></table><p class="totop"><a href="#summary">back to summary</a></p><h3 id="m4">org.rm.automation.admin.tests.conferenceRooms.VerifyRoomCodeUpdate#verifyRoomCodeUpdate</h3><table class="result"><tr><th>Messages</th></tr><tr><td><div class="messages">&lt;b&gt;Test Case Title: Acceptance Test cases&lt;/b&gt;&lt;br/&gt;</div></td></tr></table><p class="totop"><a href="#summary">back to summary</a></p><h3 id="m5">org.rm.automation.admin.tests.conferenceRooms.VerifyRoomName#verifyRoomName</h3><table class="result"><tr><th>Messages</th></tr><tr><td><div class="messages">&lt;b&gt;Test Case Title: Acceptance Test cases&lt;/b&gt;&lt;br/&gt;</div></td></tr></table><p class="totop"><a href="#summary">back to summary</a></p><h3 id="m6">org.rm.automation.admin.tests.conferenceRooms.VerifyRoomNameUpdate#verifyRoomNameUpdate</h3><table class="result"><tr><th>Messages</th></tr><tr><td><div class="messages">&lt;b&gt;Test Case Title: Acceptance Test cases&lt;/b&gt;&lt;br/&gt;</div></td></tr></table><p class="totop"><a href="#summary">back to summary</a></p><h3 id="m7">org.rm.automation.admin.tests.conferenceRooms.VerifyRoomStateDisabled#verifyRoomStateDisabled</h3><table class="result"><tr><th>Messages</th></tr><tr><td><div class="messages">&lt;b&gt;Test Case Title: Acceptance Test cases&lt;/b&gt;&lt;br/&gt;</div></td></tr></table><p class="totop"><a href="#summary">back to summary</a></p><h3 id="m8">org.rm.automation.admin.tests.conferenceRooms.VerifyRoomStateEnabled#verifyRoomStateEnabled</h3><table class="result"><tr><th>Messages</th></tr><tr><td><div class="messages">&lt;b&gt;Test Case Title: Acceptance Test cases&lt;/b&gt;&lt;br/&gt;</div></td></tr></table><p class="totop"><a href="#summary">back to summary</a></p><h3 id="m9">org.rm.automation.admin.tests.emailServices.AddServer#TestAddServer</h3><table class="result"><tr><th>Messages</th></tr><tr><td><div class="messages">&lt;b&gt;Test Case Title: Acceptance Test cases&lt;/b&gt;&lt;br/&gt;</div></td></tr></table><p class="totop"><a href="#summary">back to summary</a></p><h3 id="m10">org.rm.automation.admin.tests.impersonation.DisableImpersonation#disableImpersonation</h3><table class="result"><tr><th>Messages</th></tr><tr><td><div class="messages">&lt;b&gt;Test Case Title: Acceptance Test cases&lt;/b&gt;&lt;br/&gt;</div></td></tr></table><p class="totop"><a href="#summary">back to summary</a></p><h3 id="m11">org.rm.automation.admin.tests.impersonation.EnableImpersonation#enableImpersonation</h3><table class="result"><tr><th>Messages</th></tr><tr><td><div class="messages">&lt;b&gt;Test Case Title: Acceptance Test cases&lt;/b&gt;&lt;br/&gt;</div></td></tr></table><p class="totop"><a href="#summary">back to summary</a></p><h3 id="m12">org.rm.automation.admin.tests.locations.createBasicLocation#testCreateBasicLocation</h3><table class="result"><tr><th>Messages</th></tr><tr><td><div class="messages">&lt;b&gt;Test Case Title: Acceptance Test cases&lt;/b&gt;&lt;br/&gt;</div></td></tr></table><p class="totop"><a href="#summary">back to summary</a></p><h3 id="m13">org.rm.automation.admin.tests.login.DisplayHomeConsole#homeconsoleDisplay</h3><table class="result"><tr><th>Messages</th></tr><tr><td><div class="messages">&lt;b&gt;Test Case Title: Acceptance Test cases&lt;/b&gt;&lt;br/&gt;</div></td></tr></table><p class="totop"><a href="#summary">back to summary</a></p><h3 id="m14">org.rm.automation.admin.tests.login.DisplayLogon#logonIsDisplayed</h3><table class="result"><tr><th>Messages</th></tr><tr><td><div class="messages">&lt;b&gt;Test Case Title: Acceptance Test cases&lt;/b&gt;&lt;br/&gt;</div></td></tr></table><p class="totop"><a href="#summary">back to summary</a></p><h3 id="m15">org.rm.automation.admin.tests.login.DisplayMainMenu#mainMenuDisplay</h3><table class="result"><tr><th>Messages</th></tr><tr><td><div class="messages">&lt;b&gt;Test Case Title: Acceptance Test cases&lt;/b&gt;&lt;br/&gt;</div></td></tr></table><p class="totop"><a href="#summary">back to summary</a></p><h3 id="m16">org.rm.automation.admin.tests.resources.CreateResource#testCreateResource</h3><table class="result"><tr><th>Messages</th></tr><tr><td><div class="messages">&lt;b&gt;Test Case Title: Acceptance Test cases&lt;/b&gt;&lt;br/&gt;</div></td></tr></table><p class="totop"><a href="#summary">back to summary</a></p><h3 id="m17">org.rm.automation.admin.tests.resources.CreateResourceAllFields#testCreateResourceAllFields</h3><table class="result"><tr><th>Messages</th></tr><tr><td><div class="messages">&lt;b&gt;Test Case Title: Acceptance Test cases&lt;/b&gt;&lt;br/&gt;</div></td></tr></table><p class="totop"><a href="#summary">back to summary</a></p><h3 id="m18">org.rm.automation.admin.tests.resources.DeleteResource#testDeleteResource</h3><table class="result"><tr><th>Messages</th></tr><tr><td><div class="messages">&lt;b&gt;Test Case Title: Acceptance Test cases&lt;/b&gt;&lt;br/&gt;</div></td></tr></table><p class="totop"><a href="#summary">back to summary</a></p><h3 id="m19">org.rm.automation.admin.tests.resources.SearchResource#testSearchResource</h3><table class="result"><tr><th>Messages</th></tr><tr><td><div class="messages">&lt;b&gt;Test Case Title: Acceptance Test cases&lt;/b&gt;&lt;br/&gt;</div></td></tr></table><p class="totop"><a href="#summary">back to summary</a></p><h3 id="m20">org.rm.automation.admin.tests.resources.UpdateDescription#testUpdateDescription</h3><table class="result"><tr><th>Messages</th></tr><tr><td><div class="messages">&lt;b&gt;Test Case Title: Acceptance Test cases&lt;/b&gt;&lt;br/&gt;</div></td></tr></table><p class="totop"><a href="#summary">back to summary</a></p><h3 id="m21">org.rm.automation.admin.tests.resources.UpdateDisplayName#testUpdateDisplayName</h3><table class="result"><tr><th>Messages</th></tr><tr><td><div class="messages">&lt;b&gt;Test Case Title: Acceptance Test cases&lt;/b&gt;&lt;br/&gt;</div></td></tr></table><p class="totop"><a href="#summary">back to summary</a></p><h3 id="m22">org.rm.automation.admin.tests.resources.UpdateIcon#testUpdateIcon</h3><table class="result"><tr><th>Messages</th></tr><tr><td><div class="messages">&lt;b&gt;Test Case Title: Acceptance Test cases&lt;/b&gt;&lt;br/&gt;</div></td></tr></table><p class="totop"><a href="#summary">back to summary</a></p><h3 id="m23">org.rm.automation.admin.tests.resources.UpdateName#testUpdateName</h3><table class="result"><tr><th>Messages</th></tr><tr><td><div class="messages">&lt;b&gt;Test Case Title: Acceptance Test cases&lt;/b&gt;&lt;br/&gt;</div></td></tr></table><p class="totop"><a href="#summary">back to summary</a></p></body></html>