<?xml version="1.0" encoding="UTF-8"?>
<testng-results skipped="0" failed="3" total="4" passed="1">
  <reporter-output>
    <line>
      <![CDATA[<b>Test Case Title: Conference rooms</b><br/>]]>
    </line>
    <line>
      <![CDATA[<b>Test Case Title: Conference rooms</b><br/>]]>
    </line>
    <line>
      <![CDATA[<b>Screenshot: </b><br/><a href="..\screenshots\Conference_rooms-12_Sep_2015__08_46_14PM.png"><img src="..\screenshots\Conference_rooms-12_Sep_2015__08_46_14PM.png" alt=""height='100' width='100'/><br/>]]>
    </line>
    <line>
      <![CDATA[<b>Test Case Title: Conference rooms</b><br/>]]>
    </line>
    <line>
      <![CDATA[<b>Test Case Title: Conference rooms</b><br/>]]>
    </line>
    <line>
      <![CDATA[<b>Screenshot: </b><br/><a href="..\screenshots\Conference_rooms-12_Sep_2015__08_46_15PM.png"><img src="..\screenshots\Conference_rooms-12_Sep_2015__08_46_15PM.png" alt=""height='100' width='100'/><br/>]]>
    </line>
    <line>
      <![CDATA[<b>Test Case Title: Conference rooms</b><br/>]]>
    </line>
    <line>
      <![CDATA[<b>Test Case Title: Conference rooms</b><br/>]]>
    </line>
    <line>
      <![CDATA[<b>Test Case Title: Conference rooms</b><br/>]]>
    </line>
    <line>
      <![CDATA[<a href="javascript:toggleElement('Conference rooms', 'block')" title="Click to expand/collapse"><b>Test Case Title: Conference rooms</b></a><br /><div class="stackTrace" id="Conference rooms" style="display: none;">expected:<Total Items: 0> but was:<Total Items: 3></div><br />]]>
    </line>
    <line>
      <![CDATA[<b>Screenshot: </b><br/><a href="..\screenshots\Conference_rooms-12_Sep_2015__08_46_25PM.png"><img src="..\screenshots\Conference_rooms-12_Sep_2015__08_46_25PM.png" alt=""height='100' width='100'/><br/>]]>
    </line>
  </reporter-output>
  <suite name="Suite" duration-ms="19374" started-at="2015-09-13T00:46:14Z" finished-at="2015-09-13T00:46:33Z">
    <groups>
    </groups>
    <test name="Conference rooms" duration-ms="19374" started-at="2015-09-13T00:46:14Z" finished-at="2015-09-13T00:46:33Z">
      <class name="org.rm.automation.admin.tests.locations.createBasicLocation">
        <test-method status="PASS" signature="setUp()[pri:0, instance:org.rm.automation.admin.tests.locations.createBasicLocation@5b275dab]" name="setUp" is-config="true" duration-ms="10" started-at="2015-09-12T20:46:14Z" finished-at="2015-09-12T20:46:14Z">
          <reporter-output>
          </reporter-output>
        </test-method> <!-- setUp -->
        <test-method status="FAIL" signature="testCreateBasicLocation()[pri:0, instance:org.rm.automation.admin.tests.locations.createBasicLocation@5b275dab]" name="testCreateBasicLocation" duration-ms="10" started-at="2015-09-12T20:46:14Z" finished-at="2015-09-12T20:46:14Z">
          <exception class="java.lang.NullPointerException">
            <full-stacktrace>
              <![CDATA[java.lang.NullPointerException
	at org.rm.automation.admin.pageobjects.LoginPage.<init>(LoginPage.java:23)
	at org.rm.automation.admin.tests.locations.createBasicLocation.testCreateBasicLocation(createBasicLocation.java:45)
	at sun.reflect.NativeMethodAccessorImpl.invoke0(Native Method)
	at sun.reflect.NativeMethodAccessorImpl.invoke(NativeMethodAccessorImpl.java:62)
	at sun.reflect.DelegatingMethodAccessorImpl.invoke(DelegatingMethodAccessorImpl.java:43)
	at java.lang.reflect.Method.invoke(Method.java:497)
	at org.testng.internal.MethodInvocationHelper.invokeMethod(MethodInvocationHelper.java:85)
	at org.testng.internal.Invoker.invokeMethod(Invoker.java:659)
	at org.testng.internal.Invoker.invokeTestMethod(Invoker.java:845)
	at org.testng.internal.Invoker.invokeTestMethods(Invoker.java:1153)
	at org.testng.internal.TestMethodWorker.invokeTestMethods(TestMethodWorker.java:125)
	at org.testng.internal.TestMethodWorker.run(TestMethodWorker.java:108)
	at org.testng.TestRunner.privateRun(TestRunner.java:771)
	at org.testng.TestRunner.run(TestRunner.java:621)
	at org.testng.SuiteRunner.runTest(SuiteRunner.java:357)
	at org.testng.SuiteRunner.runSequentially(SuiteRunner.java:352)
	at org.testng.SuiteRunner.privateRun(SuiteRunner.java:310)
	at org.testng.SuiteRunner.run(SuiteRunner.java:259)
	at org.testng.SuiteRunnerWorker.runSuite(SuiteRunnerWorker.java:52)
	at org.testng.SuiteRunnerWorker.run(SuiteRunnerWorker.java:86)
	at org.testng.TestNG.runSuitesSequentially(TestNG.java:1199)
	at org.testng.TestNG.runSuitesLocally(TestNG.java:1124)
	at org.testng.TestNG.run(TestNG.java:1032)
	at org.apache.maven.surefire.testng.TestNGExecutor.run(TestNGExecutor.java:295)
	at org.apache.maven.surefire.testng.TestNGXmlTestSuite.execute(TestNGXmlTestSuite.java:84)
	at org.apache.maven.surefire.testng.TestNGProvider.invoke(TestNGProvider.java:90)
	at org.apache.maven.surefire.booter.ForkedBooter.invokeProviderInSameClassLoader(ForkedBooter.java:203)
	at org.apache.maven.surefire.booter.ForkedBooter.runSuitesInProcess(ForkedBooter.java:155)
	at org.apache.maven.surefire.booter.ForkedBooter.main(ForkedBooter.java:103)
]]>
            </full-stacktrace>
          </exception> <!-- java.lang.NullPointerException -->
          <reporter-output>
            <line>
              <![CDATA[<b>Test Case Title: Conference rooms</b><br/>]]>
            </line>
            <line>
              <![CDATA[<b>Screenshot: </b><br/><a href="..\screenshots\Conference_rooms-12_Sep_2015__08_46_14PM.png"><img src="..\screenshots\Conference_rooms-12_Sep_2015__08_46_14PM.png" alt=""height='100' width='100'/><br/>]]>
            </line>
          </reporter-output>
        </test-method> <!-- testCreateBasicLocation -->
        <test-method status="PASS" signature="Postconditions()[pri:0, instance:org.rm.automation.admin.tests.locations.createBasicLocation@5b275dab]" name="Postconditions" is-config="true" duration-ms="7965" started-at="2015-09-12T20:46:25Z" finished-at="2015-09-12T20:46:33Z">
          <reporter-output>
          </reporter-output>
        </test-method> <!-- Postconditions -->
      </class> <!-- org.rm.automation.admin.tests.locations.createBasicLocation -->
      <class name="org.rm.automation.admin.tests.resources.CreateResource">
        <test-method status="PASS" signature="setUp()[pri:0, instance:org.rm.automation.admin.tests.resources.CreateResource@18be83e4]" name="setUp" is-config="true" duration-ms="0" started-at="2015-09-12T20:46:14Z" finished-at="2015-09-12T20:46:14Z">
          <reporter-output>
          </reporter-output>
        </test-method> <!-- setUp -->
        <test-method status="FAIL" signature="testCreateResource()[pri:0, instance:org.rm.automation.admin.tests.resources.CreateResource@18be83e4]" name="testCreateResource" duration-ms="0" started-at="2015-09-12T20:46:14Z" finished-at="2015-09-12T20:46:14Z">
          <exception class="java.lang.NullPointerException">
            <full-stacktrace>
              <![CDATA[java.lang.NullPointerException
	at org.rm.automation.admin.pageobjects.LoginPage.<init>(LoginPage.java:23)
	at org.rm.automation.admin.tests.resources.CreateResource.testCreateResource(CreateResource.java:34)
	at sun.reflect.NativeMethodAccessorImpl.invoke0(Native Method)
	at sun.reflect.NativeMethodAccessorImpl.invoke(NativeMethodAccessorImpl.java:62)
	at sun.reflect.DelegatingMethodAccessorImpl.invoke(DelegatingMethodAccessorImpl.java:43)
	at java.lang.reflect.Method.invoke(Method.java:497)
	at org.testng.internal.MethodInvocationHelper.invokeMethod(MethodInvocationHelper.java:85)
	at org.testng.internal.Invoker.invokeMethod(Invoker.java:659)
	at org.testng.internal.Invoker.invokeTestMethod(Invoker.java:845)
	at org.testng.internal.Invoker.invokeTestMethods(Invoker.java:1153)
	at org.testng.internal.TestMethodWorker.invokeTestMethods(TestMethodWorker.java:125)
	at org.testng.internal.TestMethodWorker.run(TestMethodWorker.java:108)
	at org.testng.TestRunner.privateRun(TestRunner.java:771)
	at org.testng.TestRunner.run(TestRunner.java:621)
	at org.testng.SuiteRunner.runTest(SuiteRunner.java:357)
	at org.testng.SuiteRunner.runSequentially(SuiteRunner.java:352)
	at org.testng.SuiteRunner.privateRun(SuiteRunner.java:310)
	at org.testng.SuiteRunner.run(SuiteRunner.java:259)
	at org.testng.SuiteRunnerWorker.runSuite(SuiteRunnerWorker.java:52)
	at org.testng.SuiteRunnerWorker.run(SuiteRunnerWorker.java:86)
	at org.testng.TestNG.runSuitesSequentially(TestNG.java:1199)
	at org.testng.TestNG.runSuitesLocally(TestNG.java:1124)
	at org.testng.TestNG.run(TestNG.java:1032)
	at org.apache.maven.surefire.testng.TestNGExecutor.run(TestNGExecutor.java:295)
	at org.apache.maven.surefire.testng.TestNGXmlTestSuite.execute(TestNGXmlTestSuite.java:84)
	at org.apache.maven.surefire.testng.TestNGProvider.invoke(TestNGProvider.java:90)
	at org.apache.maven.surefire.booter.ForkedBooter.invokeProviderInSameClassLoader(ForkedBooter.java:203)
	at org.apache.maven.surefire.booter.ForkedBooter.runSuitesInProcess(ForkedBooter.java:155)
	at org.apache.maven.surefire.booter.ForkedBooter.main(ForkedBooter.java:103)
]]>
            </full-stacktrace>
          </exception> <!-- java.lang.NullPointerException -->
          <reporter-output>
            <line>
              <![CDATA[<b>Test Case Title: Conference rooms</b><br/>]]>
            </line>
            <line>
              <![CDATA[<b>Screenshot: </b><br/><a href="..\screenshots\Conference_rooms-12_Sep_2015__08_46_15PM.png"><img src="..\screenshots\Conference_rooms-12_Sep_2015__08_46_15PM.png" alt=""height='100' width='100'/><br/>]]>
            </line>
          </reporter-output>
        </test-method> <!-- testCreateResource -->
        <test-method status="PASS" signature="Postconditions()[pri:0, instance:org.rm.automation.admin.tests.resources.CreateResource@18be83e4]" name="Postconditions" is-config="true" duration-ms="180" started-at="2015-09-12T20:46:15Z" finished-at="2015-09-12T20:46:15Z">
          <reporter-output>
          </reporter-output>
        </test-method> <!-- Postconditions -->
      </class> <!-- org.rm.automation.admin.tests.resources.CreateResource -->
      <class name="org.rm.automation.admin.tests.conferenceRooms.VerifyRoomColumnBtn">
        <test-method status="PASS" signature="verifyRoomColumnBtn()[pri:0, instance:org.rm.automation.admin.tests.conferenceRooms.VerifyRoomColumnBtn@523884b2]" name="verifyRoomColumnBtn" duration-ms="6273" started-at="2015-09-12T20:46:15Z" finished-at="2015-09-12T20:46:22Z">
          <reporter-output>
            <line>
              <![CDATA[<b>Test Case Title: Conference rooms</b><br/>]]>
            </line>
          </reporter-output>
        </test-method> <!-- verifyRoomColumnBtn -->
      </class> <!-- org.rm.automation.admin.tests.conferenceRooms.VerifyRoomColumnBtn -->
      <class name="org.rm.automation.admin.tests.conferenceRooms.VerifyTotalConferenceRooms">
        <test-method status="FAIL" signature="verifyTotalConferenceRooms()[pri:0, instance:org.rm.automation.admin.tests.conferenceRooms.VerifyTotalConferenceRooms@61832929]" name="verifyTotalConferenceRooms" duration-ms="3257" started-at="2015-09-12T20:46:22Z" finished-at="2015-09-12T20:46:25Z">
          <exception class="java.lang.AssertionError">
            <message>
              <![CDATA[expected:<Total Items: 0> but was:<Total Items: 3>]]>
            </message>
            <full-stacktrace>
              <![CDATA[java.lang.AssertionError: expected:<Total Items: 0> but was:<Total Items: 3>
	at org.testng.AssertJUnit.assertEquals(AssertJUnit.java:101)
	at org.testng.AssertJUnit.assertEquals(AssertJUnit.java:108)
	at org.rm.automation.admin.tests.conferenceRooms.VerifyTotalConferenceRooms.verifyTotalConferenceRooms(VerifyTotalConferenceRooms.java:52)
	at sun.reflect.NativeMethodAccessorImpl.invoke0(Native Method)
	at sun.reflect.NativeMethodAccessorImpl.invoke(NativeMethodAccessorImpl.java:62)
	at sun.reflect.DelegatingMethodAccessorImpl.invoke(DelegatingMethodAccessorImpl.java:43)
	at java.lang.reflect.Method.invoke(Method.java:497)
	at org.testng.internal.MethodInvocationHelper.invokeMethod(MethodInvocationHelper.java:85)
	at org.testng.internal.Invoker.invokeMethod(Invoker.java:659)
	at org.testng.internal.Invoker.invokeTestMethod(Invoker.java:845)
	at org.testng.internal.Invoker.invokeTestMethods(Invoker.java:1153)
	at org.testng.internal.TestMethodWorker.invokeTestMethods(TestMethodWorker.java:125)
	at org.testng.internal.TestMethodWorker.run(TestMethodWorker.java:108)
	at org.testng.TestRunner.privateRun(TestRunner.java:771)
	at org.testng.TestRunner.run(TestRunner.java:621)
	at org.testng.SuiteRunner.runTest(SuiteRunner.java:357)
	at org.testng.SuiteRunner.runSequentially(SuiteRunner.java:352)
	at org.testng.SuiteRunner.privateRun(SuiteRunner.java:310)
	at org.testng.SuiteRunner.run(SuiteRunner.java:259)
	at org.testng.SuiteRunnerWorker.runSuite(SuiteRunnerWorker.java:52)
	at org.testng.SuiteRunnerWorker.run(SuiteRunnerWorker.java:86)
	at org.testng.TestNG.runSuitesSequentially(TestNG.java:1199)
	at org.testng.TestNG.runSuitesLocally(TestNG.java:1124)
	at org.testng.TestNG.run(TestNG.java:1032)
	at org.apache.maven.surefire.testng.TestNGExecutor.run(TestNGExecutor.java:295)
	at org.apache.maven.surefire.testng.TestNGXmlTestSuite.execute(TestNGXmlTestSuite.java:84)
	at org.apache.maven.surefire.testng.TestNGProvider.invoke(TestNGProvider.java:90)
	at org.apache.maven.surefire.booter.ForkedBooter.invokeProviderInSameClassLoader(ForkedBooter.java:203)
	at org.apache.maven.surefire.booter.ForkedBooter.runSuitesInProcess(ForkedBooter.java:155)
	at org.apache.maven.surefire.booter.ForkedBooter.main(ForkedBooter.java:103)
]]>
            </full-stacktrace>
          </exception> <!-- java.lang.AssertionError -->
          <reporter-output>
            <line>
              <![CDATA[<a href="javascript:toggleElement('Conference rooms', 'block')" title="Click to expand/collapse"><b>Test Case Title: Conference rooms</b></a><br /><div class="stackTrace" id="Conference rooms" style="display: none;">expected:<Total Items: 0> but was:<Total Items: 3></div><br />]]>
            </line>
            <line>
              <![CDATA[<b>Screenshot: </b><br/><a href="..\screenshots\Conference_rooms-12_Sep_2015__08_46_25PM.png"><img src="..\screenshots\Conference_rooms-12_Sep_2015__08_46_25PM.png" alt=""height='100' width='100'/><br/>]]>
            </line>
          </reporter-output>
        </test-method> <!-- verifyTotalConferenceRooms -->
      </class> <!-- org.rm.automation.admin.tests.conferenceRooms.VerifyTotalConferenceRooms -->
    </test> <!-- Conference rooms -->
  </suite> <!-- Suite -->
</testng-results>
