<?xml version="1.0" encoding="UTF-8"?>
<!-- Generated by org.testng.reporters.JUnitXMLReporter -->
<testsuite hostname="LUFER-PC" name="Acceptance Test cases" tests="24" failures="2" timestamp="19 Sep 2015 20:02:28 GMT" time="146.913" errors="0">
  <testcase name="logonIsDisplayed" time="3.399" classname="org.rm.automation.admin.tests.login.DisplayLogon"/>
  <testcase name="homeconsoleDisplay" time="2.823" classname="org.rm.automation.admin.tests.login.DisplayHomeConsole"/>
  <testcase name="mainMenuDisplay" time="3.153" classname="org.rm.automation.admin.tests.login.DisplayMainMenu"/>
  <testcase name="verifyResourceAssociatedToRoom" time="6.017" classname="org.rm.automation.admin.tests.conferenceRooms.VerifyResourceAssociatedToRoom"/>
  <testcase name="verifyRoomStateEnabled" time="4.651" classname="org.rm.automation.admin.tests.conferenceRooms.VerifyRoomStateEnabled"/>
  <testcase name="verifyRoomStateDisabled" time="5.186" classname="org.rm.automation.admin.tests.conferenceRooms.VerifyRoomStateDisabled"/>
  <testcase name="verifyRoomCapacityUpdate" time="4.244" classname="org.rm.automation.admin.tests.conferenceRooms.VerifyRoomCapacityUpdate"/>
  <testcase name="verifyRoomCodeUpdate" time="6.952" classname="org.rm.automation.admin.tests.conferenceRooms.VerifyRoomCodeUpdate"/>
  <testcase name="verifyRoomName" time="3.052" classname="org.rm.automation.admin.tests.conferenceRooms.VerifyRoomName"/>
  <testcase name="verifyRoomNameUpdate" time="12.562" classname="org.rm.automation.admin.tests.conferenceRooms.VerifyRoomNameUpdate"/>
  <testcase name="enableImpersonation" time="2.905" classname="org.rm.automation.admin.tests.impersonation.EnableImpersonation"/>
  <testcase name="disableImpersonation" time="2.851" classname="org.rm.automation.admin.tests.impersonation.DisableImpersonation"/>
  <testcase name="testCreateBasicLocation" time="5.276" classname="org.rm.automation.admin.tests.locations.createBasicLocation"/>
  <testcase name="testCreateAssociatedLocation" time="14.116" classname="org.rm.automation.admin.tests.locations.createAssociatedLocation">
    <failure type="org.openqa.selenium.TimeoutException" message="Timed out after 10 seconds waiting for presence of element located by: By.xpath: //input[@ng-model=&amp;apos;searchDisplayName&amp;apos;]
Build info: version: &amp;apos;2.47.1&amp;apos;, revision: &amp;apos;unknown&amp;apos;, time: &amp;apos;2015-07-30 11:02:44&amp;apos;
System info: host: &amp;apos;LUFER-PC&amp;apos;, ip: &amp;apos;192.168.0.102&amp;apos;, os.name: &amp;apos;Windows 7&amp;apos;, os.arch: &amp;apos;amd64&amp;apos;, os.version: &amp;apos;6.1&amp;apos;, java.version: &amp;apos;1.8.0_51&amp;apos;
Driver info: org.openqa.selenium.firefox.FirefoxDriver
Capabilities [{applicationCacheEnabled=true, rotatable=false, handlesAlerts=true, databaseEnabled=true, version=40.0.3, platform=WINDOWS, nativeEvents=false, acceptSslCerts=true, webStorageEnabled=true, locationContextEnabled=true, browserName=firefox, takesScreenshot=true, javascriptEnabled=true, cssSelectorsEnabled=true}]
Session ID: 85e0ae63-c586-46a2-b3e3-ab21be807c52">
      <![CDATA[org.openqa.selenium.TimeoutException: Timed out after 10 seconds waiting for presence of element located by: By.xpath: //input[@ng-model='searchDisplayName']
Build info: version: '2.47.1', revision: 'unknown', time: '2015-07-30 11:02:44'
System info: host: 'LUFER-PC', ip: '192.168.0.102', os.name: 'Windows 7', os.arch: 'amd64', os.version: '6.1', java.version: '1.8.0_51'
Driver info: org.openqa.selenium.firefox.FirefoxDriver
Capabilities [{applicationCacheEnabled=true, rotatable=false, handlesAlerts=true, databaseEnabled=true, version=40.0.3, platform=WINDOWS, nativeEvents=false, acceptSslCerts=true, webStorageEnabled=true, locationContextEnabled=true, browserName=firefox, takesScreenshot=true, javascriptEnabled=true, cssSelectorsEnabled=true}]
Session ID: 85e0ae63-c586-46a2-b3e3-ab21be807c52
	at org.openqa.selenium.support.ui.WebDriverWait.timeoutException(WebDriverWait.java:80)
	at org.openqa.selenium.support.ui.FluentWait.until(FluentWait.java:229)
	at org.rm.automation.utils.Waiters.WaitByXPath(Waiters.java:20)
	at org.rm.automation.admin.pageobjects.locations.FormAssociateRoomPage.searchConferenceRoom(FormAssociateRoomPage.java:24)
	at org.rm.automation.admin.pageobjects.locations.FormAssociateRoomPage.associateConferenceRoom(FormAssociateRoomPage.java:48)
	at org.rm.automation.admin.tests.locations.createAssociatedLocation.testCreateAssociatedLocation(createAssociatedLocation.java:46)
Caused by: org.openqa.selenium.NoSuchElementException: Unable to locate element: {"method":"xpath","selector":"//input[@ng-model='searchDisplayName']"}
Command duration or timeout: 10.11 seconds
For documentation on this error, please visit: http://seleniumhq.org/exceptions/no_such_element.html
Build info: version: '2.47.1', revision: 'unknown', time: '2015-07-30 11:02:44'
System info: host: 'LUFER-PC', ip: '192.168.0.102', os.name: 'Windows 7', os.arch: 'amd64', os.version: '6.1', java.version: '1.8.0_51'
Driver info: org.openqa.selenium.firefox.FirefoxDriver
Capabilities [{applicationCacheEnabled=true, rotatable=false, handlesAlerts=true, databaseEnabled=true, version=40.0.3, platform=WINDOWS, nativeEvents=false, acceptSslCerts=true, webStorageEnabled=true, locationContextEnabled=true, browserName=firefox, takesScreenshot=true, javascriptEnabled=true, cssSelectorsEnabled=true}]
Session ID: 85e0ae63-c586-46a2-b3e3-ab21be807c52
*** Element info: {Using=xpath, value=//input[@ng-model='searchDisplayName']}
	at org.openqa.selenium.remote.ErrorHandler.createThrowable(ErrorHandler.java:206)
	at org.openqa.selenium.remote.ErrorHandler.throwIfResponseFailed(ErrorHandler.java:158)
	at org.openqa.selenium.remote.RemoteWebDriver.execute(RemoteWebDriver.java:595)
	at org.openqa.selenium.remote.RemoteWebDriver.findElement(RemoteWebDriver.java:348)
	at org.openqa.selenium.remote.RemoteWebDriver.findElementByXPath(RemoteWebDriver.java:445)
	at org.openqa.selenium.By$ByXPath.findElement(By.java:358)
	at org.openqa.selenium.remote.RemoteWebDriver.findElement(RemoteWebDriver.java:340)
	at org.openqa.selenium.support.ui.ExpectedConditions.findElement(ExpectedConditions.java:861)
	at org.openqa.selenium.support.ui.ExpectedConditions.access$000(ExpectedConditions.java:41)
	at org.openqa.selenium.support.ui.ExpectedConditions$6.apply(ExpectedConditions.java:181)
	at org.openqa.selenium.support.ui.ExpectedConditions$6.apply(ExpectedConditions.java:178)
	at org.openqa.selenium.support.ui.FluentWait.until(FluentWait.java:209)
	... 31 more
Caused by: org.openqa.selenium.NoSuchElementException: Unable to locate element: {"method":"xpath","selector":"//input[@ng-model='searchDisplayName']"}
For documentation on this error, please visit: http://seleniumhq.org/exceptions/no_such_element.html
Build info: version: '2.47.1', revision: 'unknown', time: '2015-07-30 11:02:44'
System info: host: 'LUFER-PC', ip: '192.168.0.102', os.name: 'Windows 7', os.arch: 'amd64', os.version: '6.1', java.version: '1.8.0_51'
Driver info: driver.version: unknown
	at <anonymous class>.FirefoxDriver.prototype.findElementInternal_(file:///C:/Users/LUFER/AppData/Local/Temp/anonymous7634747317455025527webdriver-profile/extensions/fxdriver@googlecode.com/components/driver-component.js:10667)
	at <anonymous class>.fxdriver.Timer.prototype.setTimeout/<.notify(file:///C:/Users/LUFER/AppData/Local/Temp/anonymous7634747317455025527webdriver-profile/extensions/fxdriver@googlecode.com/components/driver-component.js:623)
... Removed 31 stack frames]]>
    </failure>
  </testcase> <!-- testCreateAssociatedLocation -->
  <testcase name="testCreateResource" time="6.835" classname="org.rm.automation.admin.tests.resources.CreateResource"/>
  <testcase name="testCreateResourceAllFields" time="7.626" classname="org.rm.automation.admin.tests.resources.CreateResourceAllFields"/>
  <testcase name="testUpdateName" time="4.507" classname="org.rm.automation.admin.tests.resources.UpdateName"/>
  <testcase name="testUpdateDisplayName" time="4.924" classname="org.rm.automation.admin.tests.resources.UpdateDisplayName"/>
  <testcase name="testUpdateIcon" time="4.207" classname="org.rm.automation.admin.tests.resources.UpdateIcon"/>
  <testcase name="testUpdateDescription" time="4.683" classname="org.rm.automation.admin.tests.resources.UpdateDescription"/>
  <testcase name="testSearchResource" time="3.397" classname="org.rm.automation.admin.tests.resources.SearchResource"/>
  <testcase name="testDeleteResource" time="4.964" classname="org.rm.automation.admin.tests.resources.DeleteResource"/>
  <testcase name="TestRemoveServer" time="12.079" classname="org.rm.automation.admin.tests.emailServices.RemoveServer">
    <failure type="java.lang.IndexOutOfBoundsException" message="Index: 0, Size: 0">
      <![CDATA[java.lang.IndexOutOfBoundsException: Index: 0, Size: 0
	at java.util.ArrayList.rangeCheck(ArrayList.java:653)
	at java.util.ArrayList.get(ArrayList.java:429)
	at org.rm.automation.utils.api.ServicesRequests.getServiceId(ServicesRequests.java:106)
	at org.rm.automation.admin.tests.emailServices.RemoveServer.TestRemoveServer(RemoveServer.java:46)
... Removed 27 stack frames]]>
    </failure>
  </testcase> <!-- TestRemoveServer -->
  <testcase name="TestAddServer" time="12.554" classname="org.rm.automation.admin.tests.emailServices.AddServer"/>
</testsuite> <!-- Acceptance Test cases -->
