<html>
<head>
<title>TestNG:  Acceptance Test cases</title>
<link href="../testng.css" rel="stylesheet" type="text/css" />
<link href="../my-testng.css" rel="stylesheet" type="text/css" />

<style type="text/css">
.log { display: none;} 
.stack-trace { display: none;} 
</style>
<script type="text/javascript">
<!--
function flip(e) {
  current = e.style.display;
  if (current == 'block') {
    e.style.display = 'none';
    return 0;
  }
  else {
    e.style.display = 'block';
    return 1;
  }
}

function toggleBox(szDivId, elem, msg1, msg2)
{
  var res = -1;  if (document.getElementById) {
    res = flip(document.getElementById(szDivId));
  }
  else if (document.all) {
    // this is the way old msie versions work
    res = flip(document.all[szDivId]);
  }
  if(elem) {
    if(res == 0) elem.innerHTML = msg1; else elem.innerHTML = msg2;
  }

}

function toggleAllBoxes() {
  if (document.getElementsByTagName) {
    d = document.getElementsByTagName('div');
    for (i = 0; i < d.length; i++) {
      if (d[i].className == 'log') {
        flip(d[i]);
      }
    }
  }
}

// -->
</script>

</head>
<body>
<h2 align='center'>Acceptance Test cases</h2><table border='1' align="center">
<tr>
<td>Tests passed/Failed/Skipped:</td><td>22/2/0</td>
</tr><tr>
<td>Started on:</td><td>Sat Sep 19 16:00:01 BOT 2015</td>
</tr>
<tr><td>Total time:</td><td>146 seconds (146913 ms)</td>
</tr><tr>
<td>Included groups:</td><td></td>
</tr><tr>
<td>Excluded groups:</td><td></td>
</tr>
</table><p/>
<small><i>(Hover the method name to see the test class name)</i></small><p/>
<table width='100%' border='1' class='invocation-failed'>
<tr><td colspan='4' align='center'><b>FAILED TESTS</b></td></tr>
<tr><td><b>Test method</b></td>
<td width="30%"><b>Exception</b></td>
<td width="10%"><b>Time (seconds)</b></td>
<td><b>Instance</b></td>
</tr>
<tr>
<td title='org.rm.automation.admin.tests.emailServices.RemoveServer.TestRemoveServer()'><b>TestRemoveServer</b><br>Test class: org.rm.automation.admin.tests.emailServices.RemoveServer<br/>
<a href="#Output-1170111701" onClick='toggleBox("Output-1170111701", this, "Show output", "Hide output");'>Show output</a>

<a href="#Output-1170111701" onClick="toggleAllBoxes();">Show all outputs</a>
<div class='log' id="Output-1170111701">
<b>Test Case Title: Acceptance Test cases</b><br/><br/>
<b>Screenshot: </b><br/><a href="..\screenshots\Acceptance_Test_cases-19_Sep_2015__04_02_15PM.png"><img src="..\screenshots\Acceptance_Test_cases-19_Sep_2015__04_02_15PM.png" alt=""height='400' width='600'/><br/><br/>
</div>
</td>
<td><div><pre>java.lang.IndexOutOfBoundsException: Index: 0, Size: 0
	at java.util.ArrayList.rangeCheck(ArrayList.java:653)
	at java.util.ArrayList.get(ArrayList.java:429)
	at org.rm.automation.utils.api.ServicesRequests.getServiceId(ServicesRequests.java:106)
	at org.rm.automation.admin.tests.emailServices.RemoveServer.TestRemoveServer(RemoveServer.java:46)
... Removed 27 stack frames</pre></div><a href='#' onClick='toggleBox("stack-trace1170111701", this, "Click to show all stack frames", "Click to hide stack frames")'>Click to show all stack frames</a>
<div class='stack-trace' id='stack-trace1170111701'><pre>java.lang.IndexOutOfBoundsException: Index: 0, Size: 0
	at java.util.ArrayList.rangeCheck(ArrayList.java:653)
	at java.util.ArrayList.get(ArrayList.java:429)
	at org.rm.automation.utils.api.ServicesRequests.getServiceId(ServicesRequests.java:106)
	at org.rm.automation.admin.tests.emailServices.RemoveServer.TestRemoveServer(RemoveServer.java:46)
	at sun.reflect.NativeMethodAccessorImpl.invoke0(Native Method)
	at sun.reflect.NativeMethodAccessorImpl.invoke(NativeMethodAccessorImpl.java:62)
	at sun.reflect.DelegatingMethodAccessorImpl.invoke(DelegatingMethodAccessorImpl.java:43)
	at java.lang.reflect.Method.invoke(Method.java:497)
	at org.testng.internal.MethodInvocationHelper.invokeMethod(MethodInvocationHelper.java:85)
	at org.testng.internal.Invoker.invokeMethod(Invoker.java:659)
	at org.testng.internal.Invoker.invokeTestMethod(Invoker.java:845)
	at org.testng.internal.Invoker.invokeTestMethods(Invoker.java:1153)
	at org.testng.internal.TestMethodWorker.invokeTestMethods(TestMethodWorker.java:125)
	at org.testng.internal.TestMethodWorker.run(TestMethodWorker.java:108)
	at org.testng.TestRunner.privateRun(TestRunner.java:771)
	at org.testng.TestRunner.run(TestRunner.java:621)
	at org.testng.SuiteRunner.runTest(SuiteRunner.java:357)
	at org.testng.SuiteRunner.runSequentially(SuiteRunner.java:352)
	at org.testng.SuiteRunner.privateRun(SuiteRunner.java:310)
	at org.testng.SuiteRunner.run(SuiteRunner.java:259)
	at org.testng.SuiteRunnerWorker.runSuite(SuiteRunnerWorker.java:52)
	at org.testng.SuiteRunnerWorker.run(SuiteRunnerWorker.java:86)
	at org.testng.TestNG.runSuitesSequentially(TestNG.java:1199)
	at org.testng.TestNG.runSuitesLocally(TestNG.java:1124)
	at org.testng.TestNG.run(TestNG.java:1032)
	at org.apache.maven.surefire.testng.TestNGExecutor.run(TestNGExecutor.java:295)
	at org.apache.maven.surefire.testng.TestNGXmlTestSuite.execute(TestNGXmlTestSuite.java:84)
	at org.apache.maven.surefire.testng.TestNGProvider.invoke(TestNGProvider.java:90)
	at org.apache.maven.surefire.booter.ForkedBooter.invokeProviderInSameClassLoader(ForkedBooter.java:203)
	at org.apache.maven.surefire.booter.ForkedBooter.runSuitesInProcess(ForkedBooter.java:155)
	at org.apache.maven.surefire.booter.ForkedBooter.main(ForkedBooter.java:103)
</pre></div></td>
<td>12</td>
<td>org.rm.automation.admin.tests.emailServices.RemoveServer@e25b2fe</td></tr>
<tr>
<td title='org.rm.automation.admin.tests.locations.createAssociatedLocation.testCreateAssociatedLocation()'><b>testCreateAssociatedLocation</b><br>Test class: org.rm.automation.admin.tests.locations.createAssociatedLocation<br/>
<a href="#Output-1089930529" onClick='toggleBox("Output-1089930529", this, "Show output", "Hide output");'>Show output</a>

<a href="#Output-1089930529" onClick="toggleAllBoxes();">Show all outputs</a>
<div class='log' id="Output-1089930529">
<b>Test Case Title: Acceptance Test cases</b><br/><br/>
<b>Screenshot: </b><br/><a href="..\screenshots\Acceptance_Test_cases-19_Sep_2015__04_01_20PM.png"><img src="..\screenshots\Acceptance_Test_cases-19_Sep_2015__04_01_20PM.png" alt=""height='400' width='600'/><br/><br/>
</div>
</td>
<td><div><pre>org.openqa.selenium.TimeoutException: Timed out after 10 seconds waiting for presence of element located by: By.xpath: //input[@ng-model=&apos;searchDisplayName&apos;]
Build info: version: &apos;2.47.1&apos;, revision: &apos;unknown&apos;, time: &apos;2015-07-30 11:02:44&apos;
System info: host: &apos;LUFER-PC&apos;, ip: &apos;192.168.0.102&apos;, os.name: &apos;Windows 7&apos;, os.arch: &apos;amd64&apos;, os.version: &apos;6.1&apos;, java.version: &apos;1.8.0_51&apos;
Driver info: org.openqa.selenium.firefox.FirefoxDriver
Capabilities [{applicationCacheEnabled=true, rotatable=false, handlesAlerts=true, databaseEnabled=true, version=40.0.3, platform=WINDOWS, nativeEvents=false, acceptSslCerts=true, webStorageEnabled=true, locationContextEnabled=true, browserName=firefox, takesScreenshot=true, javascriptEnabled=true, cssSelectorsEnabled=true}]
Session ID: 85e0ae63-c586-46a2-b3e3-ab21be807c52
	at org.openqa.selenium.support.ui.WebDriverWait.timeoutException(WebDriverWait.java:80)
	at org.openqa.selenium.support.ui.FluentWait.until(FluentWait.java:229)
	at org.rm.automation.utils.Waiters.WaitByXPath(Waiters.java:20)
	at org.rm.automation.admin.pageobjects.locations.FormAssociateRoomPage.searchConferenceRoom(FormAssociateRoomPage.java:24)
	at org.rm.automation.admin.pageobjects.locations.FormAssociateRoomPage.associateConferenceRoom(FormAssociateRoomPage.java:48)
	at org.rm.automation.admin.tests.locations.createAssociatedLocation.testCreateAssociatedLocation(createAssociatedLocation.java:46)
Caused by: org.openqa.selenium.NoSuchElementException: Unable to locate element: {&quot;method&quot;:&quot;xpath&quot;,&quot;selector&quot;:&quot;//input[@ng-model=&apos;searchDisplayName&apos;]&quot;}
Command duration or timeout: 10.11 seconds
For documentation on this error, please visit: http://seleniumhq.org/exceptions/no_such_element.html
Build info: version: &apos;2.47.1&apos;, revision: &apos;unknown&apos;, time: &apos;2015-07-30 11:02:44&apos;
System info: host: &apos;LUFER-PC&apos;, ip: &apos;192.168.0.102&apos;, os.name: &apos;Windows 7&apos;, os.arch: &apos;amd64&apos;, os.version: &apos;6.1&apos;, java.version: &apos;1.8.0_51&apos;
Driver info: org.openqa.selenium.firefox.FirefoxDriver
Capabilities [{applicationCacheEnabled=true, rotatable=false, handlesAlerts=true, databaseEnabled=true, version=40.0.3, platform=WINDOWS, nativeEvents=false, acceptSslCerts=true, webStorageEnabled=true, locationContextEnabled=true, browserName=firefox, takesScreenshot=true, javascriptEnabled=true, cssSelectorsEnabled=true}]
Session ID: 85e0ae63-c586-46a2-b3e3-ab21be807c52
*** Element info: {Using=xpath, value=//input[@ng-model=&apos;searchDisplayName&apos;]}
	at org.openqa.selenium.remote.ErrorHandler.createThrowable(ErrorHandler.java:206)
	at org.openqa.selenium.remote.ErrorHandler.throwIfResponseFailed(ErrorHandler.java:158)
	at org.openqa.selenium.remote.RemoteWebDriver.execute(RemoteWebDriver.java:595)
	at org.openqa.selenium.remote.RemoteWebDriver.findElement(RemoteWebDriver.java:348)
	at org.openqa.selenium.remote.RemoteWebDriver.findElementByXPath(RemoteWebDriver.java:445)
	at org.openqa.selenium.By$ByXPath.findElement(By.java:358)
	at org.openqa.selenium.remote.RemoteWebDriver.findElement(RemoteWebDriver.java:340)
	at org.openqa.selenium.support.ui.ExpectedConditions.findElement(ExpectedConditions.java:861)
	at org.openqa.selenium.support.ui.ExpectedConditions.access$000(ExpectedConditions.java:41)
	at org.openqa.selenium.support.ui.ExpectedConditions$6.apply(ExpectedConditions.java:181)
	at org.openqa.selenium.support.ui.ExpectedConditions$6.apply(ExpectedConditions.java:178)
	at org.openqa.selenium.support.ui.FluentWait.until(FluentWait.java:209)
	... 31 more
Caused by: org.openqa.selenium.NoSuchElementException: Unable to locate element: {&quot;method&quot;:&quot;xpath&quot;,&quot;selector&quot;:&quot;//input[@ng-model=&apos;searchDisplayName&apos;]&quot;}
For documentation on this error, please visit: http://seleniumhq.org/exceptions/no_such_element.html
Build info: version: &apos;2.47.1&apos;, revision: &apos;unknown&apos;, time: &apos;2015-07-30 11:02:44&apos;
System info: host: &apos;LUFER-PC&apos;, ip: &apos;192.168.0.102&apos;, os.name: &apos;Windows 7&apos;, os.arch: &apos;amd64&apos;, os.version: &apos;6.1&apos;, java.version: &apos;1.8.0_51&apos;
Driver info: driver.version: unknown
	at &lt;anonymous class&gt;.FirefoxDriver.prototype.findElementInternal_(file:///C:/Users/LUFER/AppData/Local/Temp/anonymous7634747317455025527webdriver-profile/extensions/fxdriver@googlecode.com/components/driver-component.js:10667)
	at &lt;anonymous class&gt;.fxdriver.Timer.prototype.setTimeout/&lt;.notify(file:///C:/Users/LUFER/AppData/Local/Temp/anonymous7634747317455025527webdriver-profile/extensions/fxdriver@googlecode.com/components/driver-component.js:623)
... Removed 31 stack frames</pre></div><a href='#' onClick='toggleBox("stack-trace1089930529", this, "Click to show all stack frames", "Click to hide stack frames")'>Click to show all stack frames</a>
<div class='stack-trace' id='stack-trace1089930529'><pre>org.openqa.selenium.TimeoutException: Timed out after 10 seconds waiting for presence of element located by: By.xpath: //input[@ng-model=&apos;searchDisplayName&apos;]
Build info: version: &apos;2.47.1&apos;, revision: &apos;unknown&apos;, time: &apos;2015-07-30 11:02:44&apos;
System info: host: &apos;LUFER-PC&apos;, ip: &apos;192.168.0.102&apos;, os.name: &apos;Windows 7&apos;, os.arch: &apos;amd64&apos;, os.version: &apos;6.1&apos;, java.version: &apos;1.8.0_51&apos;
Driver info: org.openqa.selenium.firefox.FirefoxDriver
Capabilities [{applicationCacheEnabled=true, rotatable=false, handlesAlerts=true, databaseEnabled=true, version=40.0.3, platform=WINDOWS, nativeEvents=false, acceptSslCerts=true, webStorageEnabled=true, locationContextEnabled=true, browserName=firefox, takesScreenshot=true, javascriptEnabled=true, cssSelectorsEnabled=true}]
Session ID: 85e0ae63-c586-46a2-b3e3-ab21be807c52
	at org.openqa.selenium.support.ui.WebDriverWait.timeoutException(WebDriverWait.java:80)
	at org.openqa.selenium.support.ui.FluentWait.until(FluentWait.java:229)
	at org.rm.automation.utils.Waiters.WaitByXPath(Waiters.java:20)
	at org.rm.automation.admin.pageobjects.locations.FormAssociateRoomPage.searchConferenceRoom(FormAssociateRoomPage.java:24)
	at org.rm.automation.admin.pageobjects.locations.FormAssociateRoomPage.associateConferenceRoom(FormAssociateRoomPage.java:48)
	at org.rm.automation.admin.tests.locations.createAssociatedLocation.testCreateAssociatedLocation(createAssociatedLocation.java:46)
	at sun.reflect.NativeMethodAccessorImpl.invoke0(Native Method)
	at sun.reflect.NativeMethodAccessorImpl.invoke(NativeMethodAccessorImpl.java:62)
	at sun.reflect.DelegatingMethodAccessorImpl.invoke(DelegatingMethodAccessorImpl.java:43)
	at java.lang.reflect.Method.invoke(Method.java:497)
	at org.testng.internal.MethodInvocationHelper.invokeMethod(MethodInvocationHelper.java:85)
	at org.testng.internal.Invoker.invokeMethod(Invoker.java:659)
	at org.testng.internal.Invoker.invokeTestMethod(Invoker.java:845)
	at org.testng.internal.Invoker.invokeTestMethods(Invoker.java:1153)
	at org.testng.internal.TestMethodWorker.invokeTestMethods(TestMethodWorker.java:125)
	at org.testng.internal.TestMethodWorker.run(TestMethodWorker.java:108)
	at org.testng.TestRunner.privateRun(TestRunner.java:771)
	at org.testng.TestRunner.run(TestRunner.java:621)
	at org.testng.SuiteRunner.runTest(SuiteRunner.java:357)
	at org.testng.SuiteRunner.runSequentially(SuiteRunner.java:352)
	at org.testng.SuiteRunner.privateRun(SuiteRunner.java:310)
	at org.testng.SuiteRunner.run(SuiteRunner.java:259)
	at org.testng.SuiteRunnerWorker.runSuite(SuiteRunnerWorker.java:52)
	at org.testng.SuiteRunnerWorker.run(SuiteRunnerWorker.java:86)
	at org.testng.TestNG.runSuitesSequentially(TestNG.java:1199)
	at org.testng.TestNG.runSuitesLocally(TestNG.java:1124)
	at org.testng.TestNG.run(TestNG.java:1032)
	at org.apache.maven.surefire.testng.TestNGExecutor.run(TestNGExecutor.java:295)
	at org.apache.maven.surefire.testng.TestNGXmlTestSuite.execute(TestNGXmlTestSuite.java:84)
	at org.apache.maven.surefire.testng.TestNGProvider.invoke(TestNGProvider.java:90)
	at org.apache.maven.surefire.booter.ForkedBooter.invokeProviderInSameClassLoader(ForkedBooter.java:203)
	at org.apache.maven.surefire.booter.ForkedBooter.runSuitesInProcess(ForkedBooter.java:155)
	at org.apache.maven.surefire.booter.ForkedBooter.main(ForkedBooter.java:103)
Caused by: org.openqa.selenium.NoSuchElementException: Unable to locate element: {&quot;method&quot;:&quot;xpath&quot;,&quot;selector&quot;:&quot;//input[@ng-model=&apos;searchDisplayName&apos;]&quot;}
Command duration or timeout: 10.11 seconds
For documentation on this error, please visit: http://seleniumhq.org/exceptions/no_such_element.html
Build info: version: &apos;2.47.1&apos;, revision: &apos;unknown&apos;, time: &apos;2015-07-30 11:02:44&apos;
System info: host: &apos;LUFER-PC&apos;, ip: &apos;192.168.0.102&apos;, os.name: &apos;Windows 7&apos;, os.arch: &apos;amd64&apos;, os.version: &apos;6.1&apos;, java.version: &apos;1.8.0_51&apos;
Driver info: org.openqa.selenium.firefox.FirefoxDriver
Capabilities [{applicationCacheEnabled=true, rotatable=false, handlesAlerts=true, databaseEnabled=true, version=40.0.3, platform=WINDOWS, nativeEvents=false, acceptSslCerts=true, webStorageEnabled=true, locationContextEnabled=true, browserName=firefox, takesScreenshot=true, javascriptEnabled=true, cssSelectorsEnabled=true}]
Session ID: 85e0ae63-c586-46a2-b3e3-ab21be807c52
*** Element info: {Using=xpath, value=//input[@ng-model=&apos;searchDisplayName&apos;]}
	at sun.reflect.NativeConstructorAccessorImpl.newInstance0(Native Method)
	at sun.reflect.NativeConstructorAccessorImpl.newInstance(NativeConstructorAccessorImpl.java:62)
	at sun.reflect.DelegatingConstructorAccessorImpl.newInstance(DelegatingConstructorAccessorImpl.java:45)
	at java.lang.reflect.Constructor.newInstance(Constructor.java:422)
	at org.openqa.selenium.remote.ErrorHandler.createThrowable(ErrorHandler.java:206)
	at org.openqa.selenium.remote.ErrorHandler.throwIfResponseFailed(ErrorHandler.java:158)
	at org.openqa.selenium.remote.RemoteWebDriver.execute(RemoteWebDriver.java:595)
	at org.openqa.selenium.remote.RemoteWebDriver.findElement(RemoteWebDriver.java:348)
	at org.openqa.selenium.remote.RemoteWebDriver.findElementByXPath(RemoteWebDriver.java:445)
	at org.openqa.selenium.By$ByXPath.findElement(By.java:358)
	at org.openqa.selenium.remote.RemoteWebDriver.findElement(RemoteWebDriver.java:340)
	at org.openqa.selenium.support.ui.ExpectedConditions.findElement(ExpectedConditions.java:861)
	at org.openqa.selenium.support.ui.ExpectedConditions.access$000(ExpectedConditions.java:41)
	at org.openqa.selenium.support.ui.ExpectedConditions$6.apply(ExpectedConditions.java:181)
	at org.openqa.selenium.support.ui.ExpectedConditions$6.apply(ExpectedConditions.java:178)
	at org.openqa.selenium.support.ui.FluentWait.until(FluentWait.java:209)
	... 31 more
Caused by: org.openqa.selenium.NoSuchElementException: Unable to locate element: {&quot;method&quot;:&quot;xpath&quot;,&quot;selector&quot;:&quot;//input[@ng-model=&apos;searchDisplayName&apos;]&quot;}
For documentation on this error, please visit: http://seleniumhq.org/exceptions/no_such_element.html
Build info: version: &apos;2.47.1&apos;, revision: &apos;unknown&apos;, time: &apos;2015-07-30 11:02:44&apos;
System info: host: &apos;LUFER-PC&apos;, ip: &apos;192.168.0.102&apos;, os.name: &apos;Windows 7&apos;, os.arch: &apos;amd64&apos;, os.version: &apos;6.1&apos;, java.version: &apos;1.8.0_51&apos;
Driver info: driver.version: unknown
	at &lt;anonymous class&gt;.FirefoxDriver.prototype.findElementInternal_(file:///C:/Users/LUFER/AppData/Local/Temp/anonymous7634747317455025527webdriver-profile/extensions/fxdriver@googlecode.com/components/driver-component.js:10667)
	at &lt;anonymous class&gt;.fxdriver.Timer.prototype.setTimeout/&lt;.notify(file:///C:/Users/LUFER/AppData/Local/Temp/anonymous7634747317455025527webdriver-profile/extensions/fxdriver@googlecode.com/components/driver-component.js:623)
</pre></div></td>
<td>14</td>
<td>org.rm.automation.admin.tests.locations.createAssociatedLocation@39c0f4a</td></tr>
</table><p>
<table width='100%' border='1' class='invocation-passed'>
<tr><td colspan='4' align='center'><b>PASSED TESTS</b></td></tr>
<tr><td><b>Test method</b></td>
<td width="30%"><b>Exception</b></td>
<td width="10%"><b>Time (seconds)</b></td>
<td><b>Instance</b></td>
</tr>
<tr>
<td title='org.rm.automation.admin.tests.emailServices.AddServer.TestAddServer()'><b>TestAddServer</b><br>Test class: org.rm.automation.admin.tests.emailServices.AddServer<br/>
<a href="#Output-1324173038" onClick='toggleBox("Output-1324173038", this, "Show output", "Hide output");'>Show output</a>

<a href="#Output-1324173038" onClick="toggleAllBoxes();">Show all outputs</a>
<div class='log' id="Output-1324173038">
<b>Test Case Title: Acceptance Test cases</b><br/><br/>
</div>
</td>
<td></td>
<td>12</td>
<td>org.rm.automation.admin.tests.emailServices.AddServer@5442a311</td></tr>
<tr>
<td title='org.rm.automation.admin.tests.impersonation.DisableImpersonation.disableImpersonation()'><b>disableImpersonation</b><br>Test class: org.rm.automation.admin.tests.impersonation.DisableImpersonation<br/>
<a href="#Output-1424108509" onClick='toggleBox("Output-1424108509", this, "Show output", "Hide output");'>Show output</a>

<a href="#Output-1424108509" onClick="toggleAllBoxes();">Show all outputs</a>
<div class='log' id="Output-1424108509">
<b>Test Case Title: Acceptance Test cases</b><br/><br/>
</div>
</td>
<td></td>
<td>2</td>
<td>org.rm.automation.admin.tests.impersonation.DisableImpersonation@6d4b1c02</td></tr>
<tr>
<td title='org.rm.automation.admin.tests.impersonation.EnableImpersonation.enableImpersonation()'><b>enableImpersonation</b><br>Test class: org.rm.automation.admin.tests.impersonation.EnableImpersonation<br/>
<a href="#Output-1620409359" onClick='toggleBox("Output-1620409359", this, "Show output", "Hide output");'>Show output</a>

<a href="#Output-1620409359" onClick="toggleAllBoxes();">Show all outputs</a>
<div class='log' id="Output-1620409359">
<b>Test Case Title: Acceptance Test cases</b><br/><br/>
</div>
</td>
<td></td>
<td>2</td>
<td>org.rm.automation.admin.tests.impersonation.EnableImpersonation@146ba0ac</td></tr>
<tr>
<td title='org.rm.automation.admin.tests.login.DisplayHomeConsole.homeconsoleDisplay()'><b>homeconsoleDisplay</b><br>Test class: org.rm.automation.admin.tests.login.DisplayHomeConsole<br/>
<a href="#Output-1127338375" onClick='toggleBox("Output-1127338375", this, "Show output", "Hide output");'>Show output</a>

<a href="#Output-1127338375" onClick="toggleAllBoxes();">Show all outputs</a>
<div class='log' id="Output-1127338375">
<b>Test Case Title: Acceptance Test cases</b><br/><br/>
</div>
</td>
<td></td>
<td>2</td>
<td>org.rm.automation.admin.tests.login.DisplayHomeConsole@7d9d1a19</td></tr>
<tr>
<td title='org.rm.automation.admin.tests.login.DisplayLogon.logonIsDisplayed()'><b>logonIsDisplayed</b><br>Test class: org.rm.automation.admin.tests.login.DisplayLogon<br/>
<a href="#Output-851912430" onClick='toggleBox("Output-851912430", this, "Show output", "Hide output");'>Show output</a>

<a href="#Output-851912430" onClick="toggleAllBoxes();">Show all outputs</a>
<div class='log' id="Output-851912430">
<b>Test Case Title: Acceptance Test cases</b><br/><br/>
</div>
</td>
<td></td>
<td>3</td>
<td>org.rm.automation.admin.tests.login.DisplayLogon@77cd7a0</td></tr>
<tr>
<td title='org.rm.automation.admin.tests.login.DisplayMainMenu.mainMenuDisplay()'><b>mainMenuDisplay</b><br>Test class: org.rm.automation.admin.tests.login.DisplayMainMenu<br/>
<a href="#Output-1097897234" onClick='toggleBox("Output-1097897234", this, "Show output", "Hide output");'>Show output</a>

<a href="#Output-1097897234" onClick="toggleAllBoxes();">Show all outputs</a>
<div class='log' id="Output-1097897234">
<b>Test Case Title: Acceptance Test cases</b><br/><br/>
</div>
</td>
<td></td>
<td>3</td>
<td>org.rm.automation.admin.tests.login.DisplayMainMenu@6093dd95</td></tr>
<tr>
<td title='org.rm.automation.admin.tests.locations.createBasicLocation.testCreateBasicLocation()'><b>testCreateBasicLocation</b><br>Test class: org.rm.automation.admin.tests.locations.createBasicLocation<br/>
<a href="#Output-1112527632" onClick='toggleBox("Output-1112527632", this, "Show output", "Hide output");'>Show output</a>

<a href="#Output-1112527632" onClick="toggleAllBoxes();">Show all outputs</a>
<div class='log' id="Output-1112527632">
<b>Test Case Title: Acceptance Test cases</b><br/><br/>
</div>
</td>
<td></td>
<td>5</td>
<td>org.rm.automation.admin.tests.locations.createBasicLocation@7cd62f43</td></tr>
<tr>
<td title='org.rm.automation.admin.tests.resources.CreateResource.testCreateResource()'><b>testCreateResource</b><br>Test class: org.rm.automation.admin.tests.resources.CreateResource<br/>
<a href="#Output-702500163" onClick='toggleBox("Output-702500163", this, "Show output", "Hide output");'>Show output</a>

<a href="#Output-702500163" onClick="toggleAllBoxes();">Show all outputs</a>
<div class='log' id="Output-702500163">
<b>Test Case Title: Acceptance Test cases</b><br/><br/>
</div>
</td>
<td></td>
<td>6</td>
<td>org.rm.automation.admin.tests.resources.CreateResource@548e7350</td></tr>
<tr>
<td title='org.rm.automation.admin.tests.resources.CreateResourceAllFields.testCreateResourceAllFields()'><b>testCreateResourceAllFields</b><br>Test class: org.rm.automation.admin.tests.resources.CreateResourceAllFields<br/>
<a href="#Output-226690498" onClick='toggleBox("Output-226690498", this, "Show output", "Hide output");'>Show output</a>

<a href="#Output-226690498" onClick="toggleAllBoxes();">Show all outputs</a>
<div class='log' id="Output-226690498">
<b>Test Case Title: Acceptance Test cases</b><br/><br/>
</div>
</td>
<td></td>
<td>7</td>
<td>org.rm.automation.admin.tests.resources.CreateResourceAllFields@ae45eb6</td></tr>
<tr>
<td title='org.rm.automation.admin.tests.resources.DeleteResource.testDeleteResource()'><b>testDeleteResource</b><br>Test class: org.rm.automation.admin.tests.resources.DeleteResource<br/>
<a href="#Output-836969741" onClick='toggleBox("Output-836969741", this, "Show output", "Hide output");'>Show output</a>

<a href="#Output-836969741" onClick="toggleAllBoxes();">Show all outputs</a>
<div class='log' id="Output-836969741">
<b>Test Case Title: Acceptance Test cases</b><br/><br/>
</div>
</td>
<td></td>
<td>4</td>
<td>org.rm.automation.admin.tests.resources.DeleteResource@6a4f787b</td></tr>
<tr>
<td title='org.rm.automation.admin.tests.resources.SearchResource.testSearchResource()'><b>testSearchResource</b><br>Test class: org.rm.automation.admin.tests.resources.SearchResource<br/>
<a href="#Output-1021565761" onClick='toggleBox("Output-1021565761", this, "Show output", "Hide output");'>Show output</a>

<a href="#Output-1021565761" onClick="toggleAllBoxes();">Show all outputs</a>
<div class='log' id="Output-1021565761">
<b>Test Case Title: Acceptance Test cases</b><br/><br/>
</div>
</td>
<td></td>
<td>3</td>
<td>org.rm.automation.admin.tests.resources.SearchResource@1794d431</td></tr>
<tr>
<td title='org.rm.automation.admin.tests.resources.UpdateDescription.testUpdateDescription()'><b>testUpdateDescription</b><br>Test class: org.rm.automation.admin.tests.resources.UpdateDescription<br/>
<a href="#Output-2143571436" onClick='toggleBox("Output-2143571436", this, "Show output", "Hide output");'>Show output</a>

<a href="#Output-2143571436" onClick="toggleAllBoxes();">Show all outputs</a>
<div class='log' id="Output-2143571436">
<b>Test Case Title: Acceptance Test cases</b><br/><br/>
</div>
</td>
<td></td>
<td>4</td>
<td>org.rm.automation.admin.tests.resources.UpdateDescription@204f30ec</td></tr>
<tr>
<td title='org.rm.automation.admin.tests.resources.UpdateDisplayName.testUpdateDisplayName()'><b>testUpdateDisplayName</b><br>Test class: org.rm.automation.admin.tests.resources.UpdateDisplayName<br/>
<a href="#Output-453398853" onClick='toggleBox("Output-453398853", this, "Show output", "Hide output");'>Show output</a>

<a href="#Output-453398853" onClick="toggleAllBoxes();">Show all outputs</a>
<div class='log' id="Output-453398853">
<b>Test Case Title: Acceptance Test cases</b><br/><br/>
</div>
</td>
<td></td>
<td>4</td>
<td>org.rm.automation.admin.tests.resources.UpdateDisplayName@685cb137</td></tr>
<tr>
<td title='org.rm.automation.admin.tests.resources.UpdateIcon.testUpdateIcon()'><b>testUpdateIcon</b><br>Test class: org.rm.automation.admin.tests.resources.UpdateIcon<br/>
<a href="#Output-36531985" onClick='toggleBox("Output-36531985", this, "Show output", "Hide output");'>Show output</a>

<a href="#Output-36531985" onClick="toggleAllBoxes();">Show all outputs</a>
<div class='log' id="Output-36531985">
<b>Test Case Title: Acceptance Test cases</b><br/><br/>
</div>
</td>
<td></td>
<td>4</td>
<td>org.rm.automation.admin.tests.resources.UpdateIcon@6a41eaa2</td></tr>
<tr>
<td title='org.rm.automation.admin.tests.resources.UpdateName.testUpdateName()'><b>testUpdateName</b><br>Test class: org.rm.automation.admin.tests.resources.UpdateName<br/>
<a href="#Output-348132918" onClick='toggleBox("Output-348132918", this, "Show output", "Hide output");'>Show output</a>

<a href="#Output-348132918" onClick="toggleAllBoxes();">Show all outputs</a>
<div class='log' id="Output-348132918">
<b>Test Case Title: Acceptance Test cases</b><br/><br/>
</div>
</td>
<td></td>
<td>4</td>
<td>org.rm.automation.admin.tests.resources.UpdateName@53b32d7</td></tr>
<tr>
<td title='org.rm.automation.admin.tests.conferenceRooms.VerifyResourceAssociatedToRoom.verifyResourceAssociatedToRoom()'><b>verifyResourceAssociatedToRoom</b><br>Test class: org.rm.automation.admin.tests.conferenceRooms.VerifyResourceAssociatedToRoom<br/>
<a href="#Output-1262408432" onClick='toggleBox("Output-1262408432", this, "Show output", "Hide output");'>Show output</a>

<a href="#Output-1262408432" onClick="toggleAllBoxes();">Show all outputs</a>
<div class='log' id="Output-1262408432">
<b>Test Case Title: Acceptance Test cases</b><br/><br/>
</div>
</td>
<td></td>
<td>6</td>
<td>org.rm.automation.admin.tests.conferenceRooms.VerifyResourceAssociatedToRoom@4883b407</td></tr>
<tr>
<td title='org.rm.automation.admin.tests.conferenceRooms.VerifyRoomCapacityUpdate.verifyRoomCapacityUpdate()'><b>verifyRoomCapacityUpdate</b><br>Test class: org.rm.automation.admin.tests.conferenceRooms.VerifyRoomCapacityUpdate<br/>
<a href="#Output-335107734" onClick='toggleBox("Output-335107734", this, "Show output", "Hide output");'>Show output</a>

<a href="#Output-335107734" onClick="toggleAllBoxes();">Show all outputs</a>
<div class='log' id="Output-335107734">
<b>Test Case Title: Acceptance Test cases</b><br/><br/>
</div>
</td>
<td></td>
<td>4</td>
<td>org.rm.automation.admin.tests.conferenceRooms.VerifyRoomCapacityUpdate@5622fdf</td></tr>
<tr>
<td title='org.rm.automation.admin.tests.conferenceRooms.VerifyRoomCodeUpdate.verifyRoomCodeUpdate()'><b>verifyRoomCodeUpdate</b><br>Test class: org.rm.automation.admin.tests.conferenceRooms.VerifyRoomCodeUpdate<br/>
<a href="#Output-1860591867" onClick='toggleBox("Output-1860591867", this, "Show output", "Hide output");'>Show output</a>

<a href="#Output-1860591867" onClick="toggleAllBoxes();">Show all outputs</a>
<div class='log' id="Output-1860591867">
<b>Test Case Title: Acceptance Test cases</b><br/><br/>
</div>
</td>
<td></td>
<td>6</td>
<td>org.rm.automation.admin.tests.conferenceRooms.VerifyRoomCodeUpdate@1a968a59</td></tr>
<tr>
<td title='org.rm.automation.admin.tests.conferenceRooms.VerifyRoomName.verifyRoomName()'><b>verifyRoomName</b><br>Test class: org.rm.automation.admin.tests.conferenceRooms.VerifyRoomName<br/>
<a href="#Output-1839168128" onClick='toggleBox("Output-1839168128", this, "Show output", "Hide output");'>Show output</a>

<a href="#Output-1839168128" onClick="toggleAllBoxes();">Show all outputs</a>
<div class='log' id="Output-1839168128">
<b>Test Case Title: Acceptance Test cases</b><br/><br/>
</div>
</td>
<td></td>
<td>3</td>
<td>org.rm.automation.admin.tests.conferenceRooms.VerifyRoomName@42e26948</td></tr>
<tr>
<td title='org.rm.automation.admin.tests.conferenceRooms.VerifyRoomNameUpdate.verifyRoomNameUpdate()'><b>verifyRoomNameUpdate</b><br>Test class: org.rm.automation.admin.tests.conferenceRooms.VerifyRoomNameUpdate<br/>
<a href="#Output-544386226" onClick='toggleBox("Output-544386226", this, "Show output", "Hide output");'>Show output</a>

<a href="#Output-544386226" onClick="toggleAllBoxes();">Show all outputs</a>
<div class='log' id="Output-544386226">
<b>Test Case Title: Acceptance Test cases</b><br/><br/>
</div>
</td>
<td></td>
<td>12</td>
<td>org.rm.automation.admin.tests.conferenceRooms.VerifyRoomNameUpdate@57baeedf</td></tr>
<tr>
<td title='org.rm.automation.admin.tests.conferenceRooms.VerifyRoomStateDisabled.verifyRoomStateDisabled()'><b>verifyRoomStateDisabled</b><br>Test class: org.rm.automation.admin.tests.conferenceRooms.VerifyRoomStateDisabled<br/>
<a href="#Output-101874302" onClick='toggleBox("Output-101874302", this, "Show output", "Hide output");'>Show output</a>

<a href="#Output-101874302" onClick="toggleAllBoxes();">Show all outputs</a>
<div class='log' id="Output-101874302">
<b>Test Case Title: Acceptance Test cases</b><br/><br/>
</div>
</td>
<td></td>
<td>5</td>
<td>org.rm.automation.admin.tests.conferenceRooms.VerifyRoomStateDisabled@604ed9f0</td></tr>
<tr>
<td title='org.rm.automation.admin.tests.conferenceRooms.VerifyRoomStateEnabled.verifyRoomStateEnabled()'><b>verifyRoomStateEnabled</b><br>Test class: org.rm.automation.admin.tests.conferenceRooms.VerifyRoomStateEnabled<br/>
<a href="#Output-1140338296" onClick='toggleBox("Output-1140338296", this, "Show output", "Hide output");'>Show output</a>

<a href="#Output-1140338296" onClick="toggleAllBoxes();">Show all outputs</a>
<div class='log' id="Output-1140338296">
<b>Test Case Title: Acceptance Test cases</b><br/><br/>
</div>
</td>
<td></td>
<td>4</td>
<td>org.rm.automation.admin.tests.conferenceRooms.VerifyRoomStateEnabled@4667ae56</td></tr>
</table><p>
</body>
</html>