<!DOCTYPE html PUBLIC "-//W3C//DTD XHTML 1.1//EN" "http://www.w3.org/TR/xhtml11/DTD/xhtml11.dtd">
<html xmlns="http://www.w3.org/1999/xhtml"><head><title>TestNG Report</title><style type="text/css">table {margin-bottom:10px;border-collapse:collapse;empty-cells:show}th,td {border:1px solid #009;padding:.25em .5em}th {vertical-align:bottom}td {vertical-align:top}table a {font-weight:bold}.stripe td {background-color: #E6EBF9}.num {text-align:right}.passedodd td {background-color: #3F3}.passedeven td {background-color: #0A0}.skippedodd td {background-color: #DDD}.skippedeven td {background-color: #CCC}.failedodd td,.attn {background-color: #F33}.failedeven td,.stripe .attn {background-color: #D00}.stacktrace {white-space:pre;font-family:monospace}.totop {font-size:85%;text-align:center;border-bottom:2px solid #000}</style></head><body><table><tr><th>Test</th><th># Passed</th><th># Skipped</th><th># Failed</th><th>Time (ms)</th><th>Included Groups</th><th>Excluded Groups</th></tr><tr><th colspan="7">Suite</th></tr><tr><td><a href="#t0">Acceptance Test cases</a></td><td class="num">5</td><td class="num">0</td><td class="num attn">1</td><td class="num">96,437</td><td></td><td></td></tr></table><table><thead><tr><th>Class</th><th>Method</th><th>Start</th><th>Time (ms)</th></tr></thead><tbody><tr><th colspan="4">Suite</th></tr></tbody><tbody id="t0"><tr><th colspan="4">Acceptance Test cases &#8212; failed</th></tr><tr class="failedeven"><td rowspan="1">org.rm.automation.admin.tests.locations.createAssociatedLocation</td><td><a href="#m0">testCreateAssociatedLocation</a></td><td rowspan="1">1442185370125</td><td rowspan="1">19512</td></tr><tr><th colspan="4">Acceptance Test cases &#8212; passed</th></tr><tr class="passedeven"><td rowspan="1">org.rm.automation.admin.tests.conferenceRooms.VerifyRoomColumnBtn</td><td><a href="#m1">verifyRoomColumnBtn</a></td><td rowspan="1">1442185330343</td><td rowspan="1">23093</td></tr><tr class="passedodd"><td rowspan="1">org.rm.automation.admin.tests.conferenceRooms.VerifyRoomName</td><td><a href="#m2">verifyRoomColumnBtn</a></td><td rowspan="1">1442185353492</td><td rowspan="1">4890</td></tr><tr class="passedeven"><td rowspan="1">org.rm.automation.admin.tests.locations.createBasicLocation</td><td><a href="#m3">testCreateBasicLocation</a></td><td rowspan="1">1442185358387</td><td rowspan="1">11733</td></tr><tr class="passedodd"><td rowspan="1">org.rm.automation.admin.tests.resources.CreateResource</td><td><a href="#m4">testCreateResource</a></td><td rowspan="1">1442185389940</td><td rowspan="1">21584</td></tr><tr class="passedeven"><td rowspan="1">org.rm.automation.tablet.tests.meetings.CreateMeeting</td><td><a href="#m5">createMeeting</a></td><td rowspan="1">1442185411908</td><td rowspan="1">13189</td></tr></tbody></table><h2>Acceptance Test cases</h2><h3 id="m0">org.rm.automation.admin.tests.locations.createAssociatedLocation#testCreateAssociatedLocation</h3><table class="result"><tr><th>Exception</th></tr><tr><td><div class="stacktrace">org.openqa.selenium.NoSuchElementException: Unable to locate element: {&quot;method&quot;:&quot;xpath&quot;,&quot;selector&quot;:&quot;//span[contains(.,&apos;Location 2&apos;)]&quot;}
Command duration or timeout: 10.08 seconds
For documentation on this error, please visit: http://seleniumhq.org/exceptions/no_such_element.html
Build info: version: &apos;2.47.1&apos;, revision: &apos;unknown&apos;, time: &apos;2015-07-30 11:02:44&apos;
System info: host: &apos;QAD03PMANVA001&apos;, ip: &apos;172.20.200.3&apos;, os.name: &apos;Windows Server 2012 R2&apos;, os.arch: &apos;amd64&apos;, os.version: &apos;6.3&apos;, java.version: &apos;1.7.0_67&apos;
*** Element info: {Using=xpath, value=//span[contains(.,&apos;Location 2&apos;)]}
Session ID: b2f933e6-a145-4261-832e-1554deef53a6
Driver info: org.openqa.selenium.firefox.FirefoxDriver
Capabilities [{platform=WINDOWS, acceptSslCerts=true, javascriptEnabled=true, cssSelectorsEnabled=true, databaseEnabled=true, browserName=firefox, handlesAlerts=true, nativeEvents=false, webStorageEnabled=true, rotatable=false, locationContextEnabled=true, applicationCacheEnabled=true, takesScreenshot=true, version=40.0.3}]
	at org.openqa.selenium.remote.ErrorHandler.createThrowable(ErrorHandler.java:206)
	at org.openqa.selenium.remote.ErrorHandler.throwIfResponseFailed(ErrorHandler.java:158)
	at org.openqa.selenium.remote.RemoteWebDriver.execute(RemoteWebDriver.java:595)
	at org.openqa.selenium.remote.RemoteWebDriver.findElement(RemoteWebDriver.java:348)
	at org.openqa.selenium.remote.RemoteWebDriver.findElementByXPath(RemoteWebDriver.java:445)
	at org.openqa.selenium.By$ByXPath.findElement(By.java:358)
	at org.openqa.selenium.remote.RemoteWebDriver.findElement(RemoteWebDriver.java:340)
	at org.rm.automation.admin.pageobjects.locations.LocationsPage.verifyLocationName(LocationsPage.java:28)
	at org.rm.automation.admin.pageobjects.locations.LocationsPage.verifyLocationsWasCreated(LocationsPage.java:48)
	at org.rm.automation.admin.tests.locations.createAssociatedLocation.testCreateAssociatedLocation(createAssociatedLocation.java:57)
Caused by: org.openqa.selenium.NoSuchElementException: Unable to locate element: {&quot;method&quot;:&quot;xpath&quot;,&quot;selector&quot;:&quot;//span[contains(.,&apos;Location 2&apos;)]&quot;}
For documentation on this error, please visit: http://seleniumhq.org/exceptions/no_such_element.html
Build info: version: &apos;2.47.1&apos;, revision: &apos;unknown&apos;, time: &apos;2015-07-30 11:02:44&apos;
System info: host: &apos;QAD03PMANVA001&apos;, ip: &apos;172.20.200.3&apos;, os.name: &apos;Windows Server 2012 R2&apos;, os.arch: &apos;amd64&apos;, os.version: &apos;6.3&apos;, java.version: &apos;1.7.0_67&apos;
Driver info: driver.version: unknown
	at &lt;anonymous class&gt;.FirefoxDriver.prototype.findElementInternal_(file:///C:/Users/MANUEL~1/AppData/Local/Temp/anonymous2320147829990301633webdriver-profile/extensions/fxdriver@googlecode.com/components/driver-component.js:10667)
	at &lt;anonymous class&gt;.fxdriver.Timer.prototype.setTimeout/&lt;.notify(file:///C:/Users/MANUEL~1/AppData/Local/Temp/anonymous2320147829990301633webdriver-profile/extensions/fxdriver@googlecode.com/components/driver-component.js:623)
... Removed 28 stack frames</div></td></tr></table><p class="totop"><a href="#summary">back to summary</a></p><h3 id="m1">org.rm.automation.admin.tests.conferenceRooms.VerifyRoomColumnBtn#verifyRoomColumnBtn</h3><table class="result"></table><p class="totop"><a href="#summary">back to summary</a></p><h3 id="m2">org.rm.automation.admin.tests.conferenceRooms.VerifyRoomName#verifyRoomColumnBtn</h3><table class="result"></table><p class="totop"><a href="#summary">back to summary</a></p><h3 id="m3">org.rm.automation.admin.tests.locations.createBasicLocation#testCreateBasicLocation</h3><table class="result"></table><p class="totop"><a href="#summary">back to summary</a></p><h3 id="m4">org.rm.automation.admin.tests.resources.CreateResource#testCreateResource</h3><table class="result"></table><p class="totop"><a href="#summary">back to summary</a></p><h3 id="m5">org.rm.automation.tablet.tests.meetings.CreateMeeting#createMeeting</h3><table class="result"></table><p class="totop"><a href="#summary">back to summary</a></p></body></html>