<?xml version="1.0" encoding="UTF-8"?>
<testng-results skipped="0" failed="1" total="6" passed="5">
  <reporter-output>
  </reporter-output>
  <suite name="Suite" duration-ms="96437" started-at="2015-09-13T23:02:08Z" finished-at="2015-09-13T23:03:45Z">
    <groups>
    </groups>
    <test name="Acceptance Test cases" duration-ms="96437" started-at="2015-09-13T23:02:08Z" finished-at="2015-09-13T23:03:45Z">
      <class name="org.rm.automation.admin.tests.conferenceRooms.VerifyRoomName">
        <test-method status="PASS" signature="setup()[pri:0, instance:org.rm.automation.admin.tests.conferenceRooms.VerifyRoomName@c7b7af9]" name="setup" is-config="true" duration-ms="1328" started-at="2015-09-13T19:02:08Z" finished-at="2015-09-13T19:02:10Z">
          <reporter-output>
          </reporter-output>
        </test-method> <!-- setup -->
        <test-method status="PASS" signature="verifyRoomColumnBtn()[pri:2, instance:org.rm.automation.admin.tests.conferenceRooms.VerifyRoomName@c7b7af9]" name="verifyRoomColumnBtn" duration-ms="4890" started-at="2015-09-13T19:02:33Z" finished-at="2015-09-13T19:02:38Z">
          <reporter-output>
          </reporter-output>
        </test-method> <!-- verifyRoomColumnBtn -->
      </class> <!-- org.rm.automation.admin.tests.conferenceRooms.VerifyRoomName -->
      <class name="org.rm.automation.admin.tests.locations.createBasicLocation">
        <test-method status="PASS" signature="testCreateBasicLocation()[pri:0, instance:org.rm.automation.admin.tests.locations.createBasicLocation@17e581f9]" name="testCreateBasicLocation" duration-ms="11733" started-at="2015-09-13T19:02:38Z" finished-at="2015-09-13T19:02:50Z">
          <reporter-output>
          </reporter-output>
        </test-method> <!-- testCreateBasicLocation -->
      </class> <!-- org.rm.automation.admin.tests.locations.createBasicLocation -->
      <class name="org.rm.automation.admin.tests.resources.CreateResource">
        <test-method status="PASS" signature="testCreateResource()[pri:0, instance:org.rm.automation.admin.tests.resources.CreateResource@37cc745e]" name="testCreateResource" duration-ms="21584" started-at="2015-09-13T19:03:09Z" finished-at="2015-09-13T19:03:31Z">
          <reporter-output>
          </reporter-output>
        </test-method> <!-- testCreateResource -->
        <test-method status="PASS" signature="Postconditions()[pri:0, instance:org.rm.automation.admin.tests.resources.CreateResource@37cc745e]" name="Postconditions" is-config="true" duration-ms="381" started-at="2015-09-13T19:03:31Z" finished-at="2015-09-13T19:03:31Z">
          <reporter-output>
          </reporter-output>
        </test-method> <!-- Postconditions -->
      </class> <!-- org.rm.automation.admin.tests.resources.CreateResource -->
      <class name="org.rm.automation.tablet.tests.meetings.CreateMeeting">
        <test-method status="PASS" signature="createMeeting()[pri:0, instance:org.rm.automation.tablet.tests.meetings.CreateMeeting@4febe3f0]" name="createMeeting" duration-ms="13189" started-at="2015-09-13T19:03:31Z" finished-at="2015-09-13T19:03:45Z">
          <reporter-output>
          </reporter-output>
        </test-method> <!-- createMeeting -->
      </class> <!-- org.rm.automation.tablet.tests.meetings.CreateMeeting -->
      <class name="org.rm.automation.admin.tests.locations.createAssociatedLocation">
        <test-method status="FAIL" signature="testCreateAssociatedLocation()[pri:0, instance:org.rm.automation.admin.tests.locations.createAssociatedLocation@5cb80eb0]" name="testCreateAssociatedLocation" duration-ms="19512" started-at="2015-09-13T19:02:50Z" finished-at="2015-09-13T19:03:09Z">
          <exception class="org.openqa.selenium.NoSuchElementException">
            <message>
              <![CDATA[Unable to locate element: {"method":"xpath","selector":"//span[contains(.,'Location 2')]"}
Command duration or timeout: 10.08 seconds
For documentation on this error, please visit: http://seleniumhq.org/exceptions/no_such_element.html
Build info: version: '2.47.1', revision: 'unknown', time: '2015-07-30 11:02:44'
System info: host: 'QAD03PMANVA001', ip: '172.20.200.3', os.name: 'Windows Server 2012 R2', os.arch: 'amd64', os.version: '6.3', java.version: '1.7.0_67'
*** Element info: {Using=xpath, value=//span[contains(.,'Location 2')]}
Session ID: b2f933e6-a145-4261-832e-1554deef53a6
Driver info: org.openqa.selenium.firefox.FirefoxDriver
Capabilities [{platform=WINDOWS, acceptSslCerts=true, javascriptEnabled=true, cssSelectorsEnabled=true, databaseEnabled=true, browserName=firefox, handlesAlerts=true, nativeEvents=false, webStorageEnabled=true, rotatable=false, locationContextEnabled=true, applicationCacheEnabled=true, takesScreenshot=true, version=40.0.3}]]]>
            </message>
            <full-stacktrace>
              <![CDATA[org.openqa.selenium.NoSuchElementException: Unable to locate element: {"method":"xpath","selector":"//span[contains(.,'Location 2')]"}
Command duration or timeout: 10.08 seconds
For documentation on this error, please visit: http://seleniumhq.org/exceptions/no_such_element.html
Build info: version: '2.47.1', revision: 'unknown', time: '2015-07-30 11:02:44'
System info: host: 'QAD03PMANVA001', ip: '172.20.200.3', os.name: 'Windows Server 2012 R2', os.arch: 'amd64', os.version: '6.3', java.version: '1.7.0_67'
*** Element info: {Using=xpath, value=//span[contains(.,'Location 2')]}
Session ID: b2f933e6-a145-4261-832e-1554deef53a6
Driver info: org.openqa.selenium.firefox.FirefoxDriver
Capabilities [{platform=WINDOWS, acceptSslCerts=true, javascriptEnabled=true, cssSelectorsEnabled=true, databaseEnabled=true, browserName=firefox, handlesAlerts=true, nativeEvents=false, webStorageEnabled=true, rotatable=false, locationContextEnabled=true, applicationCacheEnabled=true, takesScreenshot=true, version=40.0.3}]
	at sun.reflect.NativeConstructorAccessorImpl.newInstance0(Native Method)
	at sun.reflect.NativeConstructorAccessorImpl.newInstance(Unknown Source)
	at sun.reflect.DelegatingConstructorAccessorImpl.newInstance(Unknown Source)
	at java.lang.reflect.Constructor.newInstance(Unknown Source)
	at org.openqa.selenium.remote.ErrorHandler.createThrowable(ErrorHandler.java:206)
	at org.openqa.selenium.remote.ErrorHandler.throwIfResponseFailed(ErrorHandler.java:158)
	at org.openqa.selenium.remote.RemoteWebDriver.execute(RemoteWebDriver.java:595)
	at org.openqa.selenium.remote.RemoteWebDriver.findElement(RemoteWebDriver.java:348)
	at org.openqa.selenium.remote.RemoteWebDriver.findElementByXPath(RemoteWebDriver.java:445)
	at org.openqa.selenium.By$ByXPath.findElement(By.java:358)
	at org.openqa.selenium.remote.RemoteWebDriver.findElement(RemoteWebDriver.java:340)
	at org.rm.automation.admin.pageobjects.locations.LocationsPage.verifyLocationName(LocationsPage.java:28)
	at org.rm.automation.admin.pageobjects.locations.LocationsPage.verifyLocationsWasCreated(LocationsPage.java:48)
	at org.rm.automation.admin.tests.locations.createAssociatedLocation.testCreateAssociatedLocation(createAssociatedLocation.java:57)
	at sun.reflect.NativeMethodAccessorImpl.invoke0(Native Method)
	at sun.reflect.NativeMethodAccessorImpl.invoke(Unknown Source)
	at sun.reflect.DelegatingMethodAccessorImpl.invoke(Unknown Source)
	at java.lang.reflect.Method.invoke(Unknown Source)
	at org.testng.internal.MethodInvocationHelper.invokeMethod(MethodInvocationHelper.java:85)
	at org.testng.internal.Invoker.invokeMethod(Invoker.java:639)
	at org.testng.internal.Invoker.invokeTestMethod(Invoker.java:816)
	at org.testng.internal.Invoker.invokeTestMethods(Invoker.java:1124)
	at org.testng.internal.TestMethodWorker.invokeTestMethods(TestMethodWorker.java:124)
	at org.testng.internal.TestMethodWorker.run(TestMethodWorker.java:108)
	at org.testng.TestRunner.privateRun(TestRunner.java:773)
	at org.testng.TestRunner.run(TestRunner.java:623)
	at org.testng.SuiteRunner.runTest(SuiteRunner.java:359)
	at org.testng.SuiteRunner.runSequentially(SuiteRunner.java:354)
	at org.testng.SuiteRunner.privateRun(SuiteRunner.java:312)
	at org.testng.SuiteRunner.run(SuiteRunner.java:261)
	at org.testng.SuiteRunnerWorker.runSuite(SuiteRunnerWorker.java:52)
	at org.testng.SuiteRunnerWorker.run(SuiteRunnerWorker.java:86)
	at org.testng.TestNG.runSuitesSequentially(TestNG.java:1185)
	at org.testng.TestNG.runSuitesLocally(TestNG.java:1110)
	at org.testng.TestNG.run(TestNG.java:1018)
	at org.testng.remote.RemoteTestNG.run(RemoteTestNG.java:112)
	at org.testng.remote.RemoteTestNG.initAndRun(RemoteTestNG.java:205)
	at org.testng.remote.RemoteTestNG.main(RemoteTestNG.java:176)
Caused by: org.openqa.selenium.NoSuchElementException: Unable to locate element: {"method":"xpath","selector":"//span[contains(.,'Location 2')]"}
For documentation on this error, please visit: http://seleniumhq.org/exceptions/no_such_element.html
Build info: version: '2.47.1', revision: 'unknown', time: '2015-07-30 11:02:44'
System info: host: 'QAD03PMANVA001', ip: '172.20.200.3', os.name: 'Windows Server 2012 R2', os.arch: 'amd64', os.version: '6.3', java.version: '1.7.0_67'
Driver info: driver.version: unknown
	at <anonymous class>.FirefoxDriver.prototype.findElementInternal_(file:///C:/Users/MANUEL~1/AppData/Local/Temp/anonymous2320147829990301633webdriver-profile/extensions/fxdriver@googlecode.com/components/driver-component.js:10667)
	at <anonymous class>.fxdriver.Timer.prototype.setTimeout/<.notify(file:///C:/Users/MANUEL~1/AppData/Local/Temp/anonymous2320147829990301633webdriver-profile/extensions/fxdriver@googlecode.com/components/driver-component.js:623)
]]>
            </full-stacktrace>
          </exception> <!-- org.openqa.selenium.NoSuchElementException -->
          <reporter-output>
          </reporter-output>
        </test-method> <!-- testCreateAssociatedLocation -->
        <test-method status="PASS" signature="Postconditions()[pri:0, instance:org.rm.automation.admin.tests.locations.createAssociatedLocation@5cb80eb0]" name="Postconditions" is-config="true" duration-ms="146" started-at="2015-09-13T19:03:45Z" finished-at="2015-09-13T19:03:45Z">
          <reporter-output>
          </reporter-output>
        </test-method> <!-- Postconditions -->
        <test-method status="PASS" signature="Postconditions()[pri:0, instance:org.rm.automation.admin.tests.locations.createBasicLocation@17e581f9]" name="Postconditions" is-config="true" duration-ms="135" started-at="2015-09-13T19:03:45Z" finished-at="2015-09-13T19:03:45Z">
          <reporter-output>
          </reporter-output>
        </test-method> <!-- Postconditions -->
      </class> <!-- org.rm.automation.admin.tests.locations.createAssociatedLocation -->
      <class name="org.rm.automation.admin.tests.conferenceRooms.VerifyRoomColumnBtn">
        <test-method status="PASS" signature="verifyRoomColumnBtn()[pri:2, instance:org.rm.automation.admin.tests.conferenceRooms.VerifyRoomColumnBtn@7ec677d5]" name="verifyRoomColumnBtn" duration-ms="23093" started-at="2015-09-13T19:02:10Z" finished-at="2015-09-13T19:02:33Z">
          <reporter-output>
          </reporter-output>
        </test-method> <!-- verifyRoomColumnBtn -->
      </class> <!-- org.rm.automation.admin.tests.conferenceRooms.VerifyRoomColumnBtn -->
    </test> <!-- Acceptance Test cases -->
  </suite> <!-- Suite -->
</testng-results>
