<html>
<head>
<title>TestNG:  Conference rooms</title>
<link href="../testng.css" rel="stylesheet" type="text/css" />
<link href="../my-testng.css" rel="stylesheet" type="text/css" />

<style type="text/css">
.log { display: none;} 
.stack-trace { display: none;} 
</style>
<script type="text/javascript">
<!--
function flip(e) {
  current = e.style.display;
  if (current == 'block') {
    e.style.display = 'none';
    return 0;
  }
  else {
    e.style.display = 'block';
    return 1;
  }
}

function toggleBox(szDivId, elem, msg1, msg2)
{
  var res = -1;  if (document.getElementById) {
    res = flip(document.getElementById(szDivId));
  }
  else if (document.all) {
    // this is the way old msie versions work
    res = flip(document.all[szDivId]);
  }
  if(elem) {
    if(res == 0) elem.innerHTML = msg1; else elem.innerHTML = msg2;
  }

}

function toggleAllBoxes() {
  if (document.getElementsByTagName) {
    d = document.getElementsByTagName('div');
    for (i = 0; i < d.length; i++) {
      if (d[i].className == 'log') {
        flip(d[i]);
      }
    }
  }
}

// -->
</script>

</head>
<body>
<h2 align='center'>Conference rooms</h2><table border='1' align="center">
<tr>
<td>Tests passed/Failed/Skipped:</td><td>1/3/0</td>
</tr><tr>
<td>Started on:</td><td>Sat Sep 12 20:46:14 BOT 2015</td>
</tr>
<tr><td>Total time:</td><td>19 seconds (19374 ms)</td>
</tr><tr>
<td>Included groups:</td><td></td>
</tr><tr>
<td>Excluded groups:</td><td></td>
</tr>
</table><p/>
<small><i>(Hover the method name to see the test class name)</i></small><p/>
<table width='100%' border='1' class='invocation-failed'>
<tr><td colspan='4' align='center'><b>FAILED TESTS</b></td></tr>
<tr><td><b>Test method</b></td>
<td width="30%"><b>Exception</b></td>
<td width="10%"><b>Time (seconds)</b></td>
<td><b>Instance</b></td>
</tr>
<tr>
<td title='org.rm.automation.admin.tests.locations.createBasicLocation.testCreateBasicLocation()'><b>testCreateBasicLocation</b><br>Test class: org.rm.automation.admin.tests.locations.createBasicLocation<br/>
<a href="#Output-2143582219" onClick='toggleBox("Output-2143582219", this, "Show output", "Hide output");'>Show output</a>

<a href="#Output-2143582219" onClick="toggleAllBoxes();">Show all outputs</a>
<div class='log' id="Output-2143582219">
<b>Test Case Title: Conference rooms</b><br/><br/>
<b>Screenshot: </b><br/><a href="..\screenshots\Conference_rooms-12_Sep_2015__08_46_14PM.png"><img src="..\screenshots\Conference_rooms-12_Sep_2015__08_46_14PM.png" alt=""height='100' width='100'/><br/><br/>
</div>
</td>
<td><div><pre>java.lang.NullPointerException
	at org.rm.automation.admin.pageobjects.LoginPage.&lt;init&gt;(LoginPage.java:23)
	at org.rm.automation.admin.tests.locations.createBasicLocation.testCreateBasicLocation(createBasicLocation.java:45)
... Removed 27 stack frames</pre></div><a href='#' onClick='toggleBox("stack-trace2143582219", this, "Click to show all stack frames", "Click to hide stack frames")'>Click to show all stack frames</a>
<div class='stack-trace' id='stack-trace2143582219'><pre>java.lang.NullPointerException
	at org.rm.automation.admin.pageobjects.LoginPage.&lt;init&gt;(LoginPage.java:23)
	at org.rm.automation.admin.tests.locations.createBasicLocation.testCreateBasicLocation(createBasicLocation.java:45)
	at sun.reflect.NativeMethodAccessorImpl.invoke0(Native Method)
	at sun.reflect.NativeMethodAccessorImpl.invoke(NativeMethodAccessorImpl.java:62)
	at sun.reflect.DelegatingMethodAccessorImpl.invoke(DelegatingMethodAccessorImpl.java:43)
	at java.lang.reflect.Method.invoke(Method.java:497)
	at org.testng.internal.MethodInvocationHelper.invokeMethod(MethodInvocationHelper.java:85)
	at org.testng.internal.Invoker.invokeMethod(Invoker.java:659)
	at org.testng.internal.Invoker.invokeTestMethod(Invoker.java:845)
	at org.testng.internal.Invoker.invokeTestMethods(Invoker.java:1153)
	at org.testng.internal.TestMethodWorker.invokeTestMethods(TestMethodWorker.java:125)
	at org.testng.internal.TestMethodWorker.run(TestMethodWorker.java:108)
	at org.testng.TestRunner.privateRun(TestRunner.java:771)
	at org.testng.TestRunner.run(TestRunner.java:621)
	at org.testng.SuiteRunner.runTest(SuiteRunner.java:357)
	at org.testng.SuiteRunner.runSequentially(SuiteRunner.java:352)
	at org.testng.SuiteRunner.privateRun(SuiteRunner.java:310)
	at org.testng.SuiteRunner.run(SuiteRunner.java:259)
	at org.testng.SuiteRunnerWorker.runSuite(SuiteRunnerWorker.java:52)
	at org.testng.SuiteRunnerWorker.run(SuiteRunnerWorker.java:86)
	at org.testng.TestNG.runSuitesSequentially(TestNG.java:1199)
	at org.testng.TestNG.runSuitesLocally(TestNG.java:1124)
	at org.testng.TestNG.run(TestNG.java:1032)
	at org.apache.maven.surefire.testng.TestNGExecutor.run(TestNGExecutor.java:295)
	at org.apache.maven.surefire.testng.TestNGXmlTestSuite.execute(TestNGXmlTestSuite.java:84)
	at org.apache.maven.surefire.testng.TestNGProvider.invoke(TestNGProvider.java:90)
	at org.apache.maven.surefire.booter.ForkedBooter.invokeProviderInSameClassLoader(ForkedBooter.java:203)
	at org.apache.maven.surefire.booter.ForkedBooter.runSuitesInProcess(ForkedBooter.java:155)
	at org.apache.maven.surefire.booter.ForkedBooter.main(ForkedBooter.java:103)
</pre></div></td>
<td>0</td>
<td>org.rm.automation.admin.tests.locations.createBasicLocation@5b275dab</td></tr>
<tr>
<td title='org.rm.automation.admin.tests.resources.CreateResource.testCreateResource()'><b>testCreateResource</b><br>Test class: org.rm.automation.admin.tests.resources.CreateResource<br/>
<a href="#Output-1117871068" onClick='toggleBox("Output-1117871068", this, "Show output", "Hide output");'>Show output</a>

<a href="#Output-1117871068" onClick="toggleAllBoxes();">Show all outputs</a>
<div class='log' id="Output-1117871068">
<b>Test Case Title: Conference rooms</b><br/><br/>
<b>Screenshot: </b><br/><a href="..\screenshots\Conference_rooms-12_Sep_2015__08_46_15PM.png"><img src="..\screenshots\Conference_rooms-12_Sep_2015__08_46_15PM.png" alt=""height='100' width='100'/><br/><br/>
</div>
</td>
<td><div><pre>java.lang.NullPointerException
	at org.rm.automation.admin.pageobjects.LoginPage.&lt;init&gt;(LoginPage.java:23)
	at org.rm.automation.admin.tests.resources.CreateResource.testCreateResource(CreateResource.java:34)
... Removed 27 stack frames</pre></div><a href='#' onClick='toggleBox("stack-trace1117871068", this, "Click to show all stack frames", "Click to hide stack frames")'>Click to show all stack frames</a>
<div class='stack-trace' id='stack-trace1117871068'><pre>java.lang.NullPointerException
	at org.rm.automation.admin.pageobjects.LoginPage.&lt;init&gt;(LoginPage.java:23)
	at org.rm.automation.admin.tests.resources.CreateResource.testCreateResource(CreateResource.java:34)
	at sun.reflect.NativeMethodAccessorImpl.invoke0(Native Method)
	at sun.reflect.NativeMethodAccessorImpl.invoke(NativeMethodAccessorImpl.java:62)
	at sun.reflect.DelegatingMethodAccessorImpl.invoke(DelegatingMethodAccessorImpl.java:43)
	at java.lang.reflect.Method.invoke(Method.java:497)
	at org.testng.internal.MethodInvocationHelper.invokeMethod(MethodInvocationHelper.java:85)
	at org.testng.internal.Invoker.invokeMethod(Invoker.java:659)
	at org.testng.internal.Invoker.invokeTestMethod(Invoker.java:845)
	at org.testng.internal.Invoker.invokeTestMethods(Invoker.java:1153)
	at org.testng.internal.TestMethodWorker.invokeTestMethods(TestMethodWorker.java:125)
	at org.testng.internal.TestMethodWorker.run(TestMethodWorker.java:108)
	at org.testng.TestRunner.privateRun(TestRunner.java:771)
	at org.testng.TestRunner.run(TestRunner.java:621)
	at org.testng.SuiteRunner.runTest(SuiteRunner.java:357)
	at org.testng.SuiteRunner.runSequentially(SuiteRunner.java:352)
	at org.testng.SuiteRunner.privateRun(SuiteRunner.java:310)
	at org.testng.SuiteRunner.run(SuiteRunner.java:259)
	at org.testng.SuiteRunnerWorker.runSuite(SuiteRunnerWorker.java:52)
	at org.testng.SuiteRunnerWorker.run(SuiteRunnerWorker.java:86)
	at org.testng.TestNG.runSuitesSequentially(TestNG.java:1199)
	at org.testng.TestNG.runSuitesLocally(TestNG.java:1124)
	at org.testng.TestNG.run(TestNG.java:1032)
	at org.apache.maven.surefire.testng.TestNGExecutor.run(TestNGExecutor.java:295)
	at org.apache.maven.surefire.testng.TestNGXmlTestSuite.execute(TestNGXmlTestSuite.java:84)
	at org.apache.maven.surefire.testng.TestNGProvider.invoke(TestNGProvider.java:90)
	at org.apache.maven.surefire.booter.ForkedBooter.invokeProviderInSameClassLoader(ForkedBooter.java:203)
	at org.apache.maven.surefire.booter.ForkedBooter.runSuitesInProcess(ForkedBooter.java:155)
	at org.apache.maven.surefire.booter.ForkedBooter.main(ForkedBooter.java:103)
</pre></div></td>
<td>0</td>
<td>org.rm.automation.admin.tests.resources.CreateResource@18be83e4</td></tr>
<tr>
<td title='org.rm.automation.admin.tests.conferenceRooms.VerifyTotalConferenceRooms.verifyTotalConferenceRooms()'><b>verifyTotalConferenceRooms</b><br>Test class: org.rm.automation.admin.tests.conferenceRooms.VerifyTotalConferenceRooms<br/>
<a href="#Output-65488937" onClick='toggleBox("Output-65488937", this, "Show output", "Hide output");'>Show output</a>

<a href="#Output-65488937" onClick="toggleAllBoxes();">Show all outputs</a>
<div class='log' id="Output-65488937">
<a href="javascript:toggleElement('Conference rooms', 'block')" title="Click to expand/collapse"><b>Test Case Title: Conference rooms</b></a><br /><div class="stackTrace" id="Conference rooms" style="display: none;">expected:<Total Items: 0> but was:<Total Items: 3></div><br /><br/>
<b>Screenshot: </b><br/><a href="..\screenshots\Conference_rooms-12_Sep_2015__08_46_25PM.png"><img src="..\screenshots\Conference_rooms-12_Sep_2015__08_46_25PM.png" alt=""height='100' width='100'/><br/><br/>
</div>
</td>
<td><div><pre>java.lang.AssertionError: expected:&lt;Total Items: 0&gt; but was:&lt;Total Items: 3&gt;
	at org.rm.automation.admin.tests.conferenceRooms.VerifyTotalConferenceRooms.verifyTotalConferenceRooms(VerifyTotalConferenceRooms.java:52)
... Removed 29 stack frames</pre></div><a href='#' onClick='toggleBox("stack-trace65488937", this, "Click to show all stack frames", "Click to hide stack frames")'>Click to show all stack frames</a>
<div class='stack-trace' id='stack-trace65488937'><pre>java.lang.AssertionError: expected:&lt;Total Items: 0&gt; but was:&lt;Total Items: 3&gt;
	at org.testng.AssertJUnit.assertEquals(AssertJUnit.java:101)
	at org.testng.AssertJUnit.assertEquals(AssertJUnit.java:108)
	at org.rm.automation.admin.tests.conferenceRooms.VerifyTotalConferenceRooms.verifyTotalConferenceRooms(VerifyTotalConferenceRooms.java:52)
	at sun.reflect.NativeMethodAccessorImpl.invoke0(Native Method)
	at sun.reflect.NativeMethodAccessorImpl.invoke(NativeMethodAccessorImpl.java:62)
	at sun.reflect.DelegatingMethodAccessorImpl.invoke(DelegatingMethodAccessorImpl.java:43)
	at java.lang.reflect.Method.invoke(Method.java:497)
	at org.testng.internal.MethodInvocationHelper.invokeMethod(MethodInvocationHelper.java:85)
	at org.testng.internal.Invoker.invokeMethod(Invoker.java:659)
	at org.testng.internal.Invoker.invokeTestMethod(Invoker.java:845)
	at org.testng.internal.Invoker.invokeTestMethods(Invoker.java:1153)
	at org.testng.internal.TestMethodWorker.invokeTestMethods(TestMethodWorker.java:125)
	at org.testng.internal.TestMethodWorker.run(TestMethodWorker.java:108)
	at org.testng.TestRunner.privateRun(TestRunner.java:771)
	at org.testng.TestRunner.run(TestRunner.java:621)
	at org.testng.SuiteRunner.runTest(SuiteRunner.java:357)
	at org.testng.SuiteRunner.runSequentially(SuiteRunner.java:352)
	at org.testng.SuiteRunner.privateRun(SuiteRunner.java:310)
	at org.testng.SuiteRunner.run(SuiteRunner.java:259)
	at org.testng.SuiteRunnerWorker.runSuite(SuiteRunnerWorker.java:52)
	at org.testng.SuiteRunnerWorker.run(SuiteRunnerWorker.java:86)
	at org.testng.TestNG.runSuitesSequentially(TestNG.java:1199)
	at org.testng.TestNG.runSuitesLocally(TestNG.java:1124)
	at org.testng.TestNG.run(TestNG.java:1032)
	at org.apache.maven.surefire.testng.TestNGExecutor.run(TestNGExecutor.java:295)
	at org.apache.maven.surefire.testng.TestNGXmlTestSuite.execute(TestNGXmlTestSuite.java:84)
	at org.apache.maven.surefire.testng.TestNGProvider.invoke(TestNGProvider.java:90)
	at org.apache.maven.surefire.booter.ForkedBooter.invokeProviderInSameClassLoader(ForkedBooter.java:203)
	at org.apache.maven.surefire.booter.ForkedBooter.runSuitesInProcess(ForkedBooter.java:155)
	at org.apache.maven.surefire.booter.ForkedBooter.main(ForkedBooter.java:103)
</pre></div></td>
<td>3</td>
<td>org.rm.automation.admin.tests.conferenceRooms.VerifyTotalConferenceRooms@61832929</td></tr>
</table><p>
<table width='100%' border='1' class='invocation-passed'>
<tr><td colspan='4' align='center'><b>PASSED TESTS</b></td></tr>
<tr><td><b>Test method</b></td>
<td width="30%"><b>Exception</b></td>
<td width="10%"><b>Time (seconds)</b></td>
<td><b>Instance</b></td>
</tr>
<tr>
<td title='org.rm.automation.admin.tests.conferenceRooms.VerifyRoomColumnBtn.verifyRoomColumnBtn()'><b>verifyRoomColumnBtn</b><br>Test class: org.rm.automation.admin.tests.conferenceRooms.VerifyRoomColumnBtn<br/>
<a href="#Output-1350751778" onClick='toggleBox("Output-1350751778", this, "Show output", "Hide output");'>Show output</a>

<a href="#Output-1350751778" onClick="toggleAllBoxes();">Show all outputs</a>
<div class='log' id="Output-1350751778">
<b>Test Case Title: Conference rooms</b><br/><br/>
</div>
</td>
<td></td>
<td>6</td>
<td>org.rm.automation.admin.tests.conferenceRooms.VerifyRoomColumnBtn@523884b2</td></tr>
</table><p>
</body>
</html>