<?xml version="1.0" encoding="utf-8" ?>
<!DOCTYPE html PUBLIC "-//W3C//DTD XHTML 1.0 Strict//EN"
        "http://www.w3.org/TR/xhtml1/DTD/xhtml1-strict.dtd">
<html xmlns="http://www.w3.org/1999/xhtml" xml:lang="" lang="">
<head>
  <title>Test Results Report - Acceptance Test cases</title>
  <meta http-equiv="Content-Type" content="text/html;charset=utf-8" />
  <meta name="description" content="TestNG unit test results." />
  <link href="reportng.css" rel="stylesheet" type="text/css" />
    <script type="text/javascript" src="reportng.js"></script>
</head>
<body>
<h1>Acceptance Test cases</h1>
<p>
  Test duration: 146.484s
</p>



  <table class="resultsTable">
    <tr><th colspan="3" class="header failed">Failed Tests</th></tr>
          <tr>
        <td colspan="3" class="group">org.rm.automation.admin.tests.emailServices.RemoveServer</td>
      </tr>
            
<tr>
  <td class="method">
                  TestRemoveServer
      </td>
  <td class="duration">
    12.079s
  </td>
  <td class="result">
        
    
            <div class="testOutput">
                        <b>Test Case Title: Acceptance Test cases</b><br/>
                                <b>Screenshot: </b><br/><a href="..\screenshots\Acceptance_Test_cases-19_Sep_2015__04_02_15PM.png"><img src="..\screenshots\Acceptance_Test_cases-19_Sep_2015__04_02_15PM.png" alt=""height='400' width='600'/><br/>
                  </div>
    

        <a href="javascript:toggleElement('exception-0', 'block')" title="Click to expand/collapse"><b>java.lang.IndexOutOfBoundsException: Index: 0, Size: 0</b></a><br />
    <div class="stackTrace" id="exception-0">
              java.util.ArrayList.rangeCheck(ArrayList.java:653)<br />
              java.util.ArrayList.get(ArrayList.java:429)<br />
              org.rm.automation.utils.api.ServicesRequests.getServiceId(ServicesRequests.java:106)<br />
              org.rm.automation.admin.tests.emailServices.RemoveServer.TestRemoveServer(RemoveServer.java:46)<br />
              sun.reflect.NativeMethodAccessorImpl.invoke0(Native Method)<br />
              sun.reflect.NativeMethodAccessorImpl.invoke(NativeMethodAccessorImpl.java:62)<br />
              sun.reflect.DelegatingMethodAccessorImpl.invoke(DelegatingMethodAccessorImpl.java:43)<br />
              java.lang.reflect.Method.invoke(Method.java:497)<br />
              org.testng.internal.MethodInvocationHelper.invokeMethod(MethodInvocationHelper.java:85)<br />
              org.testng.internal.Invoker.invokeMethod(Invoker.java:659)<br />
              org.testng.internal.Invoker.invokeTestMethod(Invoker.java:845)<br />
              org.testng.internal.Invoker.invokeTestMethods(Invoker.java:1153)<br />
              org.testng.internal.TestMethodWorker.invokeTestMethods(TestMethodWorker.java:125)<br />
              org.testng.internal.TestMethodWorker.run(TestMethodWorker.java:108)<br />
              org.testng.TestRunner.privateRun(TestRunner.java:771)<br />
              org.testng.TestRunner.run(TestRunner.java:621)<br />
              org.testng.SuiteRunner.runTest(SuiteRunner.java:357)<br />
              org.testng.SuiteRunner.runSequentially(SuiteRunner.java:352)<br />
              org.testng.SuiteRunner.privateRun(SuiteRunner.java:310)<br />
              org.testng.SuiteRunner.run(SuiteRunner.java:259)<br />
              org.testng.SuiteRunnerWorker.runSuite(SuiteRunnerWorker.java:52)<br />
              org.testng.SuiteRunnerWorker.run(SuiteRunnerWorker.java:86)<br />
              org.testng.TestNG.runSuitesSequentially(TestNG.java:1199)<br />
              org.testng.TestNG.runSuitesLocally(TestNG.java:1124)<br />
              org.testng.TestNG.run(TestNG.java:1032)<br />
              org.apache.maven.surefire.testng.TestNGExecutor.run(TestNGExecutor.java:295)<br />
              org.apache.maven.surefire.testng.TestNGXmlTestSuite.execute(TestNGXmlTestSuite.java:84)<br />
              org.apache.maven.surefire.testng.TestNGProvider.invoke(TestNGProvider.java:90)<br />
              org.apache.maven.surefire.booter.ForkedBooter.invokeProviderInSameClassLoader(ForkedBooter.java:203)<br />
              org.apache.maven.surefire.booter.ForkedBooter.runSuitesInProcess(ForkedBooter.java:155)<br />
              org.apache.maven.surefire.booter.ForkedBooter.main(ForkedBooter.java:103)<br />
                </div>
      </td>
</tr>
          <tr>
        <td colspan="3" class="group">org.rm.automation.admin.tests.locations.createAssociatedLocation</td>
      </tr>
            
<tr>
  <td class="method">
                  testCreateAssociatedLocation
      </td>
  <td class="duration">
    14.116s
  </td>
  <td class="result">
        
    
            <div class="testOutput">
                        <b>Test Case Title: Acceptance Test cases</b><br/>
                                <b>Screenshot: </b><br/><a href="..\screenshots\Acceptance_Test_cases-19_Sep_2015__04_01_20PM.png"><img src="..\screenshots\Acceptance_Test_cases-19_Sep_2015__04_01_20PM.png" alt=""height='400' width='600'/><br/>
                  </div>
    

        <a href="javascript:toggleElement('exception-1', 'block')" title="Click to expand/collapse"><b>org.openqa.selenium.TimeoutException: Timed out after 10 seconds waiting for presence of element located by: By.xpath: //input[@ng-model=&apos;searchDisplayName&apos;]<br/>
Build info: version: &apos;2.47.1&apos;, revision: &apos;unknown&apos;, time: &apos;2015-07-30 11:02:44&apos;<br/>
System info: host: &apos;LUFER-PC&apos;, ip: &apos;192.168.0.102&apos;, os.name: &apos;Windows 7&apos;, os.arch: &apos;amd64&apos;, os.version: &apos;6.1&apos;, java.version: &apos;1.8.0_51&apos;<br/>
Driver info: org.openqa.selenium.firefox.FirefoxDriver<br/>
Capabilities [{applicationCacheEnabled=true, rotatable=false, handlesAlerts=true, databaseEnabled=true, version=40.0.3, platform=WINDOWS, nativeEvents=false, acceptSslCerts=true, webStorageEnabled=true, locationContextEnabled=true, browserName=firefox, takesScreenshot=true, javascriptEnabled=true, cssSelectorsEnabled=true}]<br/>
Session ID: 85e0ae63-c586-46a2-b3e3-ab21be807c52</b></a><br />
    <div class="stackTrace" id="exception-1">
              org.openqa.selenium.support.ui.WebDriverWait.timeoutException(WebDriverWait.java:80)<br />
              org.openqa.selenium.support.ui.FluentWait.until(FluentWait.java:229)<br />
              org.rm.automation.utils.Waiters.WaitByXPath(Waiters.java:20)<br />
              org.rm.automation.admin.pageobjects.locations.FormAssociateRoomPage.searchConferenceRoom(FormAssociateRoomPage.java:24)<br />
              org.rm.automation.admin.pageobjects.locations.FormAssociateRoomPage.associateConferenceRoom(FormAssociateRoomPage.java:48)<br />
              org.rm.automation.admin.tests.locations.createAssociatedLocation.testCreateAssociatedLocation(createAssociatedLocation.java:46)<br />
              sun.reflect.NativeMethodAccessorImpl.invoke0(Native Method)<br />
              sun.reflect.NativeMethodAccessorImpl.invoke(NativeMethodAccessorImpl.java:62)<br />
              sun.reflect.DelegatingMethodAccessorImpl.invoke(DelegatingMethodAccessorImpl.java:43)<br />
              java.lang.reflect.Method.invoke(Method.java:497)<br />
              org.testng.internal.MethodInvocationHelper.invokeMethod(MethodInvocationHelper.java:85)<br />
              org.testng.internal.Invoker.invokeMethod(Invoker.java:659)<br />
              org.testng.internal.Invoker.invokeTestMethod(Invoker.java:845)<br />
              org.testng.internal.Invoker.invokeTestMethods(Invoker.java:1153)<br />
              org.testng.internal.TestMethodWorker.invokeTestMethods(TestMethodWorker.java:125)<br />
              org.testng.internal.TestMethodWorker.run(TestMethodWorker.java:108)<br />
              org.testng.TestRunner.privateRun(TestRunner.java:771)<br />
              org.testng.TestRunner.run(TestRunner.java:621)<br />
              org.testng.SuiteRunner.runTest(SuiteRunner.java:357)<br />
              org.testng.SuiteRunner.runSequentially(SuiteRunner.java:352)<br />
              org.testng.SuiteRunner.privateRun(SuiteRunner.java:310)<br />
              org.testng.SuiteRunner.run(SuiteRunner.java:259)<br />
              org.testng.SuiteRunnerWorker.runSuite(SuiteRunnerWorker.java:52)<br />
              org.testng.SuiteRunnerWorker.run(SuiteRunnerWorker.java:86)<br />
              org.testng.TestNG.runSuitesSequentially(TestNG.java:1199)<br />
              org.testng.TestNG.runSuitesLocally(TestNG.java:1124)<br />
              org.testng.TestNG.run(TestNG.java:1032)<br />
              org.apache.maven.surefire.testng.TestNGExecutor.run(TestNGExecutor.java:295)<br />
              org.apache.maven.surefire.testng.TestNGXmlTestSuite.execute(TestNGXmlTestSuite.java:84)<br />
              org.apache.maven.surefire.testng.TestNGProvider.invoke(TestNGProvider.java:90)<br />
              org.apache.maven.surefire.booter.ForkedBooter.invokeProviderInSameClassLoader(ForkedBooter.java:203)<br />
              org.apache.maven.surefire.booter.ForkedBooter.runSuitesInProcess(ForkedBooter.java:155)<br />
              org.apache.maven.surefire.booter.ForkedBooter.main(ForkedBooter.java:103)<br />
                    <b>Caused by: </b> <a href="javascript:toggleElement('exception-2', 'block')" title="Click to expand/collapse">org.openqa.selenium.NoSuchElementException: Unable to locate element: {&quot;method&quot;:&quot;xpath&quot;,&quot;selector&quot;:&quot;//input[@ng-model=&apos;searchDisplayName&apos;]&quot;}<br/>
Command duration or timeout: 10.11 seconds<br/>
For documentation on this error, please visit: http://seleniumhq.org/exceptions/no_such_element.html<br/>
Build info: version: &apos;2.47.1&apos;, revision: &apos;unknown&apos;, time: &apos;2015-07-30 11:02:44&apos;<br/>
System info: host: &apos;LUFER-PC&apos;, ip: &apos;192.168.0.102&apos;, os.name: &apos;Windows 7&apos;, os.arch: &apos;amd64&apos;, os.version: &apos;6.1&apos;, java.version: &apos;1.8.0_51&apos;<br/>
Driver info: org.openqa.selenium.firefox.FirefoxDriver<br/>
Capabilities [{applicationCacheEnabled=true, rotatable=false, handlesAlerts=true, databaseEnabled=true, version=40.0.3, platform=WINDOWS, nativeEvents=false, acceptSslCerts=true, webStorageEnabled=true, locationContextEnabled=true, browserName=firefox, takesScreenshot=true, javascriptEnabled=true, cssSelectorsEnabled=true}]<br/>
Session ID: 85e0ae63-c586-46a2-b3e3-ab21be807c52<br/>
*** Element info: {Using=xpath, value=//input[@ng-model=&apos;searchDisplayName&apos;]}</a><br />
        <div class="stackTrace" id="exception-2">
                      sun.reflect.NativeConstructorAccessorImpl.newInstance0(Native Method)<br />
                      sun.reflect.NativeConstructorAccessorImpl.newInstance(NativeConstructorAccessorImpl.java:62)<br />
                      sun.reflect.DelegatingConstructorAccessorImpl.newInstance(DelegatingConstructorAccessorImpl.java:45)<br />
                      java.lang.reflect.Constructor.newInstance(Constructor.java:422)<br />
                      org.openqa.selenium.remote.ErrorHandler.createThrowable(ErrorHandler.java:206)<br />
                      org.openqa.selenium.remote.ErrorHandler.throwIfResponseFailed(ErrorHandler.java:158)<br />
                      org.openqa.selenium.remote.RemoteWebDriver.execute(RemoteWebDriver.java:595)<br />
                      org.openqa.selenium.remote.RemoteWebDriver.findElement(RemoteWebDriver.java:348)<br />
                      org.openqa.selenium.remote.RemoteWebDriver.findElementByXPath(RemoteWebDriver.java:445)<br />
                      org.openqa.selenium.By$ByXPath.findElement(By.java:358)<br />
                      org.openqa.selenium.remote.RemoteWebDriver.findElement(RemoteWebDriver.java:340)<br />
                      org.openqa.selenium.support.ui.ExpectedConditions.findElement(ExpectedConditions.java:861)<br />
                      org.openqa.selenium.support.ui.ExpectedConditions.access$000(ExpectedConditions.java:41)<br />
                      org.openqa.selenium.support.ui.ExpectedConditions$6.apply(ExpectedConditions.java:181)<br />
                      org.openqa.selenium.support.ui.ExpectedConditions$6.apply(ExpectedConditions.java:178)<br />
                      org.openqa.selenium.support.ui.FluentWait.until(FluentWait.java:209)<br />
                      org.rm.automation.utils.Waiters.WaitByXPath(Waiters.java:20)<br />
                      org.rm.automation.admin.pageobjects.locations.FormAssociateRoomPage.searchConferenceRoom(FormAssociateRoomPage.java:24)<br />
                      org.rm.automation.admin.pageobjects.locations.FormAssociateRoomPage.associateConferenceRoom(FormAssociateRoomPage.java:48)<br />
                      org.rm.automation.admin.tests.locations.createAssociatedLocation.testCreateAssociatedLocation(createAssociatedLocation.java:46)<br />
                      sun.reflect.NativeMethodAccessorImpl.invoke0(Native Method)<br />
                      sun.reflect.NativeMethodAccessorImpl.invoke(NativeMethodAccessorImpl.java:62)<br />
                      sun.reflect.DelegatingMethodAccessorImpl.invoke(DelegatingMethodAccessorImpl.java:43)<br />
                      java.lang.reflect.Method.invoke(Method.java:497)<br />
                      org.testng.internal.MethodInvocationHelper.invokeMethod(MethodInvocationHelper.java:85)<br />
                      org.testng.internal.Invoker.invokeMethod(Invoker.java:659)<br />
                      org.testng.internal.Invoker.invokeTestMethod(Invoker.java:845)<br />
                      org.testng.internal.Invoker.invokeTestMethods(Invoker.java:1153)<br />
                      org.testng.internal.TestMethodWorker.invokeTestMethods(TestMethodWorker.java:125)<br />
                      org.testng.internal.TestMethodWorker.run(TestMethodWorker.java:108)<br />
                      org.testng.TestRunner.privateRun(TestRunner.java:771)<br />
                      org.testng.TestRunner.run(TestRunner.java:621)<br />
                      org.testng.SuiteRunner.runTest(SuiteRunner.java:357)<br />
                      org.testng.SuiteRunner.runSequentially(SuiteRunner.java:352)<br />
                      org.testng.SuiteRunner.privateRun(SuiteRunner.java:310)<br />
                      org.testng.SuiteRunner.run(SuiteRunner.java:259)<br />
                      org.testng.SuiteRunnerWorker.runSuite(SuiteRunnerWorker.java:52)<br />
                      org.testng.SuiteRunnerWorker.run(SuiteRunnerWorker.java:86)<br />
                      org.testng.TestNG.runSuitesSequentially(TestNG.java:1199)<br />
                      org.testng.TestNG.runSuitesLocally(TestNG.java:1124)<br />
                      org.testng.TestNG.run(TestNG.java:1032)<br />
                      org.apache.maven.surefire.testng.TestNGExecutor.run(TestNGExecutor.java:295)<br />
                      org.apache.maven.surefire.testng.TestNGXmlTestSuite.execute(TestNGXmlTestSuite.java:84)<br />
                      org.apache.maven.surefire.testng.TestNGProvider.invoke(TestNGProvider.java:90)<br />
                      org.apache.maven.surefire.booter.ForkedBooter.invokeProviderInSameClassLoader(ForkedBooter.java:203)<br />
                      org.apache.maven.surefire.booter.ForkedBooter.runSuitesInProcess(ForkedBooter.java:155)<br />
                      org.apache.maven.surefire.booter.ForkedBooter.main(ForkedBooter.java:103)<br />
                  </div>
              <b>Caused by: </b> <a href="javascript:toggleElement('exception-3', 'block')" title="Click to expand/collapse">org.openqa.selenium.NoSuchElementException: Unable to locate element: {&quot;method&quot;:&quot;xpath&quot;,&quot;selector&quot;:&quot;//input[@ng-model=&apos;searchDisplayName&apos;]&quot;}<br/>
For documentation on this error, please visit: http://seleniumhq.org/exceptions/no_such_element.html<br/>
Build info: version: &apos;2.47.1&apos;, revision: &apos;unknown&apos;, time: &apos;2015-07-30 11:02:44&apos;<br/>
System info: host: &apos;LUFER-PC&apos;, ip: &apos;192.168.0.102&apos;, os.name: &apos;Windows 7&apos;, os.arch: &apos;amd64&apos;, os.version: &apos;6.1&apos;, java.version: &apos;1.8.0_51&apos;<br/>
Driver info: driver.version: unknown</a><br />
        <div class="stackTrace" id="exception-3">
                      &lt;anonymous class&gt;.FirefoxDriver.prototype.findElementInternal_(file:///C:/Users/LUFER/AppData/Local/Temp/anonymous7634747317455025527webdriver-profile/extensions/fxdriver@googlecode.com/components/driver-component.js:10667)<br />
                      &lt;anonymous class&gt;.fxdriver.Timer.prototype.setTimeout/&lt;.notify(file:///C:/Users/LUFER/AppData/Local/Temp/anonymous7634747317455025527webdriver-profile/extensions/fxdriver@googlecode.com/components/driver-component.js:623)<br />
                  </div>
          </div>
      </td>
</tr>
      </table>


  <table class="resultsTable">
    <tr><th colspan="3" class="header passed">Passed Tests</th></tr>
          <tr>
        <td colspan="3" class="group">org.rm.automation.admin.tests.conferenceRooms.VerifyResourceAssociatedToRoom</td>
      </tr>
            
<tr>
  <td class="method">
                  verifyResourceAssociatedToRoom
      </td>
  <td class="duration">
    6.017s
  </td>
  <td class="result">
        
    
            <div class="testOutput">
                        <b>Test Case Title: Acceptance Test cases</b><br/>
                  </div>
    

      </td>
</tr>
          <tr>
        <td colspan="3" class="group">org.rm.automation.admin.tests.conferenceRooms.VerifyRoomCapacityUpdate</td>
      </tr>
            
<tr>
  <td class="method">
                  verifyRoomCapacityUpdate
      </td>
  <td class="duration">
    4.244s
  </td>
  <td class="result">
        
    
            <div class="testOutput">
                        <b>Test Case Title: Acceptance Test cases</b><br/>
                  </div>
    

      </td>
</tr>
          <tr>
        <td colspan="3" class="group">org.rm.automation.admin.tests.conferenceRooms.VerifyRoomCodeUpdate</td>
      </tr>
            
<tr>
  <td class="method">
                  verifyRoomCodeUpdate
      </td>
  <td class="duration">
    6.952s
  </td>
  <td class="result">
        
    
            <div class="testOutput">
                        <b>Test Case Title: Acceptance Test cases</b><br/>
                  </div>
    

      </td>
</tr>
          <tr>
        <td colspan="3" class="group">org.rm.automation.admin.tests.conferenceRooms.VerifyRoomName</td>
      </tr>
            
<tr>
  <td class="method">
                  verifyRoomName
      </td>
  <td class="duration">
    3.052s
  </td>
  <td class="result">
        
    
            <div class="testOutput">
                        <b>Test Case Title: Acceptance Test cases</b><br/>
                  </div>
    

      </td>
</tr>
          <tr>
        <td colspan="3" class="group">org.rm.automation.admin.tests.conferenceRooms.VerifyRoomNameUpdate</td>
      </tr>
            
<tr>
  <td class="method">
                  verifyRoomNameUpdate
      </td>
  <td class="duration">
    12.562s
  </td>
  <td class="result">
        
    
            <div class="testOutput">
                        <b>Test Case Title: Acceptance Test cases</b><br/>
                  </div>
    

      </td>
</tr>
          <tr>
        <td colspan="3" class="group">org.rm.automation.admin.tests.conferenceRooms.VerifyRoomStateDisabled</td>
      </tr>
            
<tr>
  <td class="method">
                  verifyRoomStateDisabled
      </td>
  <td class="duration">
    5.186s
  </td>
  <td class="result">
        
    
            <div class="testOutput">
                        <b>Test Case Title: Acceptance Test cases</b><br/>
                  </div>
    

      </td>
</tr>
          <tr>
        <td colspan="3" class="group">org.rm.automation.admin.tests.conferenceRooms.VerifyRoomStateEnabled</td>
      </tr>
            
<tr>
  <td class="method">
                  verifyRoomStateEnabled
      </td>
  <td class="duration">
    4.651s
  </td>
  <td class="result">
        
    
            <div class="testOutput">
                        <b>Test Case Title: Acceptance Test cases</b><br/>
                  </div>
    

      </td>
</tr>
          <tr>
        <td colspan="3" class="group">org.rm.automation.admin.tests.emailServices.AddServer</td>
      </tr>
            
<tr>
  <td class="method">
                  TestAddServer
      </td>
  <td class="duration">
    12.554s
  </td>
  <td class="result">
        
    
            <div class="testOutput">
                        <b>Test Case Title: Acceptance Test cases</b><br/>
                  </div>
    

      </td>
</tr>
          <tr>
        <td colspan="3" class="group">org.rm.automation.admin.tests.impersonation.DisableImpersonation</td>
      </tr>
            
<tr>
  <td class="method">
                  disableImpersonation
      </td>
  <td class="duration">
    2.851s
  </td>
  <td class="result">
        
    
            <div class="testOutput">
                        <b>Test Case Title: Acceptance Test cases</b><br/>
                  </div>
    

      </td>
</tr>
          <tr>
        <td colspan="3" class="group">org.rm.automation.admin.tests.impersonation.EnableImpersonation</td>
      </tr>
            
<tr>
  <td class="method">
                  enableImpersonation
      </td>
  <td class="duration">
    2.905s
  </td>
  <td class="result">
        
    
            <div class="testOutput">
                        <b>Test Case Title: Acceptance Test cases</b><br/>
                  </div>
    

      </td>
</tr>
          <tr>
        <td colspan="3" class="group">org.rm.automation.admin.tests.locations.createBasicLocation</td>
      </tr>
            
<tr>
  <td class="method">
                  testCreateBasicLocation
      </td>
  <td class="duration">
    5.276s
  </td>
  <td class="result">
        
    
            <div class="testOutput">
                        <b>Test Case Title: Acceptance Test cases</b><br/>
                  </div>
    

      </td>
</tr>
          <tr>
        <td colspan="3" class="group">org.rm.automation.admin.tests.login.DisplayHomeConsole</td>
      </tr>
            
<tr>
  <td class="method">
                  homeconsoleDisplay
      </td>
  <td class="duration">
    2.823s
  </td>
  <td class="result">
        
    
            <div class="testOutput">
                        <b>Test Case Title: Acceptance Test cases</b><br/>
                  </div>
    

      </td>
</tr>
          <tr>
        <td colspan="3" class="group">org.rm.automation.admin.tests.login.DisplayLogon</td>
      </tr>
            
<tr>
  <td class="method">
                  logonIsDisplayed
      </td>
  <td class="duration">
    3.399s
  </td>
  <td class="result">
        
    
            <div class="testOutput">
                        <b>Test Case Title: Acceptance Test cases</b><br/>
                  </div>
    

      </td>
</tr>
          <tr>
        <td colspan="3" class="group">org.rm.automation.admin.tests.login.DisplayMainMenu</td>
      </tr>
            
<tr>
  <td class="method">
                  mainMenuDisplay
      </td>
  <td class="duration">
    3.153s
  </td>
  <td class="result">
        
    
            <div class="testOutput">
                        <b>Test Case Title: Acceptance Test cases</b><br/>
                  </div>
    

      </td>
</tr>
          <tr>
        <td colspan="3" class="group">org.rm.automation.admin.tests.resources.CreateResource</td>
      </tr>
            
<tr>
  <td class="method">
                  testCreateResource
      </td>
  <td class="duration">
    6.835s
  </td>
  <td class="result">
        
    
            <div class="testOutput">
                        <b>Test Case Title: Acceptance Test cases</b><br/>
                  </div>
    

      </td>
</tr>
          <tr>
        <td colspan="3" class="group">org.rm.automation.admin.tests.resources.CreateResourceAllFields</td>
      </tr>
            
<tr>
  <td class="method">
                  testCreateResourceAllFields
      </td>
  <td class="duration">
    7.626s
  </td>
  <td class="result">
        
    
            <div class="testOutput">
                        <b>Test Case Title: Acceptance Test cases</b><br/>
                  </div>
    

      </td>
</tr>
          <tr>
        <td colspan="3" class="group">org.rm.automation.admin.tests.resources.DeleteResource</td>
      </tr>
            
<tr>
  <td class="method">
                  testDeleteResource
      </td>
  <td class="duration">
    4.964s
  </td>
  <td class="result">
        
    
            <div class="testOutput">
                        <b>Test Case Title: Acceptance Test cases</b><br/>
                  </div>
    

      </td>
</tr>
          <tr>
        <td colspan="3" class="group">org.rm.automation.admin.tests.resources.SearchResource</td>
      </tr>
            
<tr>
  <td class="method">
                  testSearchResource
      </td>
  <td class="duration">
    3.397s
  </td>
  <td class="result">
        
    
            <div class="testOutput">
                        <b>Test Case Title: Acceptance Test cases</b><br/>
                  </div>
    

      </td>
</tr>
          <tr>
        <td colspan="3" class="group">org.rm.automation.admin.tests.resources.UpdateDescription</td>
      </tr>
            
<tr>
  <td class="method">
                  testUpdateDescription
      </td>
  <td class="duration">
    4.683s
  </td>
  <td class="result">
        
    
            <div class="testOutput">
                        <b>Test Case Title: Acceptance Test cases</b><br/>
                  </div>
    

      </td>
</tr>
          <tr>
        <td colspan="3" class="group">org.rm.automation.admin.tests.resources.UpdateDisplayName</td>
      </tr>
            
<tr>
  <td class="method">
                  testUpdateDisplayName
      </td>
  <td class="duration">
    4.924s
  </td>
  <td class="result">
        
    
            <div class="testOutput">
                        <b>Test Case Title: Acceptance Test cases</b><br/>
                  </div>
    

      </td>
</tr>
          <tr>
        <td colspan="3" class="group">org.rm.automation.admin.tests.resources.UpdateIcon</td>
      </tr>
            
<tr>
  <td class="method">
                  testUpdateIcon
      </td>
  <td class="duration">
    4.207s
  </td>
  <td class="result">
        
    
            <div class="testOutput">
                        <b>Test Case Title: Acceptance Test cases</b><br/>
                  </div>
    

      </td>
</tr>
          <tr>
        <td colspan="3" class="group">org.rm.automation.admin.tests.resources.UpdateName</td>
      </tr>
            
<tr>
  <td class="method">
                  testUpdateName
      </td>
  <td class="duration">
    4.507s
  </td>
  <td class="result">
        
    
            <div class="testOutput">
                        <b>Test Case Title: Acceptance Test cases</b><br/>
                  </div>
    

      </td>
</tr>
      </table>
  
</body>
</html>
