<?xml version="1.0" encoding="UTF-8"?>
<testsuite name="Acceptance Test cases"
           tests="1"
           failures="1"
           errors="0"
           skipped="0"
           time="14.116">
  <properties />
            <testcase name="testCreateAssociatedLocation" time="14.116" classname="org.rm.automation.admin.tests.locations.createAssociatedLocation">
                <failure type="org.openqa.selenium.TimeoutException"
                  message="Timed out after 10 seconds waiting for presence of element located by: By.xpath: //input[@ng-model=&apos;searchDisplayName&apos;]
Build info: version: &apos;2.47.1&apos;, revision: &apos;unknown&apos;, time: &apos;2015-07-30 11:02:44&apos;
System info: host: &apos;LUFER-PC&apos;, ip: &apos;192.168.0.102&apos;, os.name: &apos;Windows 7&apos;, os.arch: &apos;amd64&apos;, os.version: &apos;6.1&apos;, java.version: &apos;1.8.0_51&apos;
Driver info: org.openqa.selenium.firefox.FirefoxDriver
Capabilities [{applicationCacheEnabled=true, rotatable=false, handlesAlerts=true, databaseEnabled=true, version=40.0.3, platform=WINDOWS, nativeEvents=false, acceptSslCerts=true, webStorageEnabled=true, locationContextEnabled=true, browserName=firefox, takesScreenshot=true, javascriptEnabled=true, cssSelectorsEnabled=true}]
Session ID: 85e0ae63-c586-46a2-b3e3-ab21be807c52"
              >
<![CDATA[org.openqa.selenium.TimeoutException: Timed out after 10 seconds waiting for presence of element located by: By.xpath: //input[@ng-model='searchDisplayName']
Build info: version: '2.47.1', revision: 'unknown', time: '2015-07-30 11:02:44'
System info: host: 'LUFER-PC', ip: '192.168.0.102', os.name: 'Windows 7', os.arch: 'amd64', os.version: '6.1', java.version: '1.8.0_51'
Driver info: org.openqa.selenium.firefox.FirefoxDriver
Capabilities [{applicationCacheEnabled=true, rotatable=false, handlesAlerts=true, databaseEnabled=true, version=40.0.3, platform=WINDOWS, nativeEvents=false, acceptSslCerts=true, webStorageEnabled=true, locationContextEnabled=true, browserName=firefox, takesScreenshot=true, javascriptEnabled=true, cssSelectorsEnabled=true}]
Session ID: 85e0ae63-c586-46a2-b3e3-ab21be807c52
  org.openqa.selenium.support.ui.WebDriverWait.timeoutException(WebDriverWait.java:80)
  org.openqa.selenium.support.ui.FluentWait.until(FluentWait.java:229)
  org.rm.automation.utils.Waiters.WaitByXPath(Waiters.java:20)
  org.rm.automation.admin.pageobjects.locations.FormAssociateRoomPage.searchConferenceRoom(FormAssociateRoomPage.java:24)
  org.rm.automation.admin.pageobjects.locations.FormAssociateRoomPage.associateConferenceRoom(FormAssociateRoomPage.java:48)
  org.rm.automation.admin.tests.locations.createAssociatedLocation.testCreateAssociatedLocation(createAssociatedLocation.java:46)
  sun.reflect.NativeMethodAccessorImpl.invoke0(Native Method)
  sun.reflect.NativeMethodAccessorImpl.invoke(NativeMethodAccessorImpl.java:62)
  sun.reflect.DelegatingMethodAccessorImpl.invoke(DelegatingMethodAccessorImpl.java:43)
  java.lang.reflect.Method.invoke(Method.java:497)
  org.testng.internal.MethodInvocationHelper.invokeMethod(MethodInvocationHelper.java:85)
  org.testng.internal.Invoker.invokeMethod(Invoker.java:659)
  org.testng.internal.Invoker.invokeTestMethod(Invoker.java:845)
  org.testng.internal.Invoker.invokeTestMethods(Invoker.java:1153)
  org.testng.internal.TestMethodWorker.invokeTestMethods(TestMethodWorker.java:125)
  org.testng.internal.TestMethodWorker.run(TestMethodWorker.java:108)
  org.testng.TestRunner.privateRun(TestRunner.java:771)
  org.testng.TestRunner.run(TestRunner.java:621)
  org.testng.SuiteRunner.runTest(SuiteRunner.java:357)
  org.testng.SuiteRunner.runSequentially(SuiteRunner.java:352)
  org.testng.SuiteRunner.privateRun(SuiteRunner.java:310)
  org.testng.SuiteRunner.run(SuiteRunner.java:259)
  org.testng.SuiteRunnerWorker.runSuite(SuiteRunnerWorker.java:52)
  org.testng.SuiteRunnerWorker.run(SuiteRunnerWorker.java:86)
  org.testng.TestNG.runSuitesSequentially(TestNG.java:1199)
  org.testng.TestNG.runSuitesLocally(TestNG.java:1124)
  org.testng.TestNG.run(TestNG.java:1032)
  org.apache.maven.surefire.testng.TestNGExecutor.run(TestNGExecutor.java:295)
  org.apache.maven.surefire.testng.TestNGXmlTestSuite.execute(TestNGXmlTestSuite.java:84)
  org.apache.maven.surefire.testng.TestNGProvider.invoke(TestNGProvider.java:90)
  org.apache.maven.surefire.booter.ForkedBooter.invokeProviderInSameClassLoader(ForkedBooter.java:203)
  org.apache.maven.surefire.booter.ForkedBooter.runSuitesInProcess(ForkedBooter.java:155)
  org.apache.maven.surefire.booter.ForkedBooter.main(ForkedBooter.java:103)
Caused by: org.openqa.selenium.NoSuchElementException: Unable to locate element: {"method":"xpath","selector":"//input[@ng-model='searchDisplayName']"}
Command duration or timeout: 10.11 seconds
For documentation on this error, please visit: http://seleniumhq.org/exceptions/no_such_element.html
Build info: version: '2.47.1', revision: 'unknown', time: '2015-07-30 11:02:44'
System info: host: 'LUFER-PC', ip: '192.168.0.102', os.name: 'Windows 7', os.arch: 'amd64', os.version: '6.1', java.version: '1.8.0_51'
Driver info: org.openqa.selenium.firefox.FirefoxDriver
Capabilities [{applicationCacheEnabled=true, rotatable=false, handlesAlerts=true, databaseEnabled=true, version=40.0.3, platform=WINDOWS, nativeEvents=false, acceptSslCerts=true, webStorageEnabled=true, locationContextEnabled=true, browserName=firefox, takesScreenshot=true, javascriptEnabled=true, cssSelectorsEnabled=true}]
Session ID: 85e0ae63-c586-46a2-b3e3-ab21be807c52
*** Element info: {Using=xpath, value=//input[@ng-model='searchDisplayName']}
  sun.reflect.NativeConstructorAccessorImpl.newInstance0(Native Method)
  sun.reflect.NativeConstructorAccessorImpl.newInstance(NativeConstructorAccessorImpl.java:62)
  sun.reflect.DelegatingConstructorAccessorImpl.newInstance(DelegatingConstructorAccessorImpl.java:45)
  java.lang.reflect.Constructor.newInstance(Constructor.java:422)
  org.openqa.selenium.remote.ErrorHandler.createThrowable(ErrorHandler.java:206)
  org.openqa.selenium.remote.ErrorHandler.throwIfResponseFailed(ErrorHandler.java:158)
  org.openqa.selenium.remote.RemoteWebDriver.execute(RemoteWebDriver.java:595)
  org.openqa.selenium.remote.RemoteWebDriver.findElement(RemoteWebDriver.java:348)
  org.openqa.selenium.remote.RemoteWebDriver.findElementByXPath(RemoteWebDriver.java:445)
  org.openqa.selenium.By$ByXPath.findElement(By.java:358)
  org.openqa.selenium.remote.RemoteWebDriver.findElement(RemoteWebDriver.java:340)
  org.openqa.selenium.support.ui.ExpectedConditions.findElement(ExpectedConditions.java:861)
  org.openqa.selenium.support.ui.ExpectedConditions.access$000(ExpectedConditions.java:41)
  org.openqa.selenium.support.ui.ExpectedConditions$6.apply(ExpectedConditions.java:181)
  org.openqa.selenium.support.ui.ExpectedConditions$6.apply(ExpectedConditions.java:178)
  org.openqa.selenium.support.ui.FluentWait.until(FluentWait.java:209)
  org.rm.automation.utils.Waiters.WaitByXPath(Waiters.java:20)
  org.rm.automation.admin.pageobjects.locations.FormAssociateRoomPage.searchConferenceRoom(FormAssociateRoomPage.java:24)
  org.rm.automation.admin.pageobjects.locations.FormAssociateRoomPage.associateConferenceRoom(FormAssociateRoomPage.java:48)
  org.rm.automation.admin.tests.locations.createAssociatedLocation.testCreateAssociatedLocation(createAssociatedLocation.java:46)
  sun.reflect.NativeMethodAccessorImpl.invoke0(Native Method)
  sun.reflect.NativeMethodAccessorImpl.invoke(NativeMethodAccessorImpl.java:62)
  sun.reflect.DelegatingMethodAccessorImpl.invoke(DelegatingMethodAccessorImpl.java:43)
  java.lang.reflect.Method.invoke(Method.java:497)
  org.testng.internal.MethodInvocationHelper.invokeMethod(MethodInvocationHelper.java:85)
  org.testng.internal.Invoker.invokeMethod(Invoker.java:659)
  org.testng.internal.Invoker.invokeTestMethod(Invoker.java:845)
  org.testng.internal.Invoker.invokeTestMethods(Invoker.java:1153)
  org.testng.internal.TestMethodWorker.invokeTestMethods(TestMethodWorker.java:125)
  org.testng.internal.TestMethodWorker.run(TestMethodWorker.java:108)
  org.testng.TestRunner.privateRun(TestRunner.java:771)
  org.testng.TestRunner.run(TestRunner.java:621)
  org.testng.SuiteRunner.runTest(SuiteRunner.java:357)
  org.testng.SuiteRunner.runSequentially(SuiteRunner.java:352)
  org.testng.SuiteRunner.privateRun(SuiteRunner.java:310)
  org.testng.SuiteRunner.run(SuiteRunner.java:259)
  org.testng.SuiteRunnerWorker.runSuite(SuiteRunnerWorker.java:52)
  org.testng.SuiteRunnerWorker.run(SuiteRunnerWorker.java:86)
  org.testng.TestNG.runSuitesSequentially(TestNG.java:1199)
  org.testng.TestNG.runSuitesLocally(TestNG.java:1124)
  org.testng.TestNG.run(TestNG.java:1032)
  org.apache.maven.surefire.testng.TestNGExecutor.run(TestNGExecutor.java:295)
  org.apache.maven.surefire.testng.TestNGXmlTestSuite.execute(TestNGXmlTestSuite.java:84)
  org.apache.maven.surefire.testng.TestNGProvider.invoke(TestNGProvider.java:90)
  org.apache.maven.surefire.booter.ForkedBooter.invokeProviderInSameClassLoader(ForkedBooter.java:203)
  org.apache.maven.surefire.booter.ForkedBooter.runSuitesInProcess(ForkedBooter.java:155)
  org.apache.maven.surefire.booter.ForkedBooter.main(ForkedBooter.java:103)
Caused by: org.openqa.selenium.NoSuchElementException: Unable to locate element: {"method":"xpath","selector":"//input[@ng-model='searchDisplayName']"}
For documentation on this error, please visit: http://seleniumhq.org/exceptions/no_such_element.html
Build info: version: '2.47.1', revision: 'unknown', time: '2015-07-30 11:02:44'
System info: host: 'LUFER-PC', ip: '192.168.0.102', os.name: 'Windows 7', os.arch: 'amd64', os.version: '6.1', java.version: '1.8.0_51'
Driver info: driver.version: unknown
  <anonymous class>.FirefoxDriver.prototype.findElementInternal_(file:///C:/Users/LUFER/AppData/Local/Temp/anonymous7634747317455025527webdriver-profile/extensions/fxdriver@googlecode.com/components/driver-component.js:10667)
  <anonymous class>.fxdriver.Timer.prototype.setTimeout/<.notify(file:///C:/Users/LUFER/AppData/Local/Temp/anonymous7634747317455025527webdriver-profile/extensions/fxdriver@googlecode.com/components/driver-component.js:623)
]]>
      </failure>

          </testcase>
  
  
  
</testsuite>
