<html>
<head>
<title>TestNG:  Resources Acceptance Test Cases</title>
<link href="../testng.css" rel="stylesheet" type="text/css" />
<link href="../my-testng.css" rel="stylesheet" type="text/css" />

<style type="text/css">
.log { display: none;} 
.stack-trace { display: none;} 
</style>
<script type="text/javascript">
<!--
function flip(e) {
  current = e.style.display;
  if (current == 'block') {
    e.style.display = 'none';
    return 0;
  }
  else {
    e.style.display = 'block';
    return 1;
  }
}

function toggleBox(szDivId, elem, msg1, msg2)
{
  var res = -1;  if (document.getElementById) {
    res = flip(document.getElementById(szDivId));
  }
  else if (document.all) {
    // this is the way old msie versions work
    res = flip(document.all[szDivId]);
  }
  if(elem) {
    if(res == 0) elem.innerHTML = msg1; else elem.innerHTML = msg2;
  }

}

function toggleAllBoxes() {
  if (document.getElementsByTagName) {
    d = document.getElementsByTagName('div');
    for (i = 0; i < d.length; i++) {
      if (d[i].className == 'log') {
        flip(d[i]);
      }
    }
  }
}

// -->
</script>

</head>
<body>
<h2 align='center'>Resources Acceptance Test Cases</h2><table border='1' align="center">
<tr>
<td>Tests passed/Failed/Skipped:</td><td>8/2/0</td>
</tr><tr>
<td>Started on:</td><td>Tue Sep 29 12:13:25 BOT 2015</td>
</tr>
<tr><td>Total time:</td><td>122 seconds (122470 ms)</td>
</tr><tr>
<td>Included groups:</td><td></td>
</tr><tr>
<td>Excluded groups:</td><td></td>
</tr>
</table><p/>
<small><i>(Hover the method name to see the test class name)</i></small><p/>
<table width='100%' border='1' class='invocation-failed'>
<tr><td colspan='4' align='center'><b>FAILED TESTS</b></td></tr>
<tr><td><b>Test method</b></td>
<td width="30%"><b>Exception</b></td>
<td width="10%"><b>Time (seconds)</b></td>
<td><b>Instance</b></td>
</tr>
<tr>
<td title='org.rm.automation.admin.tests.resources.CreateResourceAnother.testCreateResource()'><b>testCreateResource</b><br>Test class: org.rm.automation.admin.tests.resources.CreateResourceAnother<br/>
<a href="#Output-1111613684" onClick='toggleBox("Output-1111613684", this, "Show output", "Hide output");'>Show output</a>

<a href="#Output-1111613684" onClick="toggleAllBoxes();">Show all outputs</a>
<div class='log' id="Output-1111613684">
<b>Test Case Title: Resources Acceptance Test Cases</b><br/><br/>
<b>Screenshot: </b><br/><a href='..\screenshots\Resources_Acceptance_Test_Cases-29_Sep_2015__12_13_59PM.png'><img src='..\screenshots\Resources_Acceptance_Test_Cases-29_Sep_2015__12_13_59PM.png' alt='' height='400' width='600'/><br/><br/>
</div>
</td>
<td><div><pre>org.openqa.selenium.NoSuchElementException: No resources were found
For documentation on this error, please visit: http://seleniumhq.org/exceptions/no_such_element.html
Build info: version: &apos;2.47.1&apos;, revision: &apos;unknown&apos;, time: &apos;2015-07-30 11:02:44&apos;
System info: host: &apos;QAD03PFERCA001&apos;, ip: &apos;172.20.200.17&apos;, os.name: &apos;Windows Server 2012 R2&apos;, os.arch: &apos;amd64&apos;, os.version: &apos;6.3&apos;, java.version: &apos;1.8.0_51&apos;
Driver info: driver.version: unknown
	at org.rm.automation.admin.pageobjects.resources.ResourcesPage.getName(ResourcesPage.java:132)
	at org.rm.automation.admin.tests.resources.CreateResourceAnother.testCreateResource(CreateResourceAnother.java:55)
... Removed 27 stack frames</pre></div><a href='#' onClick='toggleBox("stack-trace1111613684", this, "Click to show all stack frames", "Click to hide stack frames")'>Click to show all stack frames</a>
<div class='stack-trace' id='stack-trace1111613684'><pre>org.openqa.selenium.NoSuchElementException: No resources were found
For documentation on this error, please visit: http://seleniumhq.org/exceptions/no_such_element.html
Build info: version: &apos;2.47.1&apos;, revision: &apos;unknown&apos;, time: &apos;2015-07-30 11:02:44&apos;
System info: host: &apos;QAD03PFERCA001&apos;, ip: &apos;172.20.200.17&apos;, os.name: &apos;Windows Server 2012 R2&apos;, os.arch: &apos;amd64&apos;, os.version: &apos;6.3&apos;, java.version: &apos;1.8.0_51&apos;
Driver info: driver.version: unknown
	at org.rm.automation.admin.pageobjects.resources.ResourcesPage.getName(ResourcesPage.java:132)
	at org.rm.automation.admin.tests.resources.CreateResourceAnother.testCreateResource(CreateResourceAnother.java:55)
	at sun.reflect.NativeMethodAccessorImpl.invoke0(Native Method)
	at sun.reflect.NativeMethodAccessorImpl.invoke(NativeMethodAccessorImpl.java:62)
	at sun.reflect.DelegatingMethodAccessorImpl.invoke(DelegatingMethodAccessorImpl.java:43)
	at java.lang.reflect.Method.invoke(Method.java:497)
	at org.testng.internal.MethodInvocationHelper.invokeMethod(MethodInvocationHelper.java:85)
	at org.testng.internal.Invoker.invokeMethod(Invoker.java:659)
	at org.testng.internal.Invoker.invokeTestMethod(Invoker.java:845)
	at org.testng.internal.Invoker.invokeTestMethods(Invoker.java:1153)
	at org.testng.internal.TestMethodWorker.invokeTestMethods(TestMethodWorker.java:125)
	at org.testng.internal.TestMethodWorker.run(TestMethodWorker.java:108)
	at org.testng.TestRunner.privateRun(TestRunner.java:771)
	at org.testng.TestRunner.run(TestRunner.java:621)
	at org.testng.SuiteRunner.runTest(SuiteRunner.java:357)
	at org.testng.SuiteRunner.runSequentially(SuiteRunner.java:352)
	at org.testng.SuiteRunner.privateRun(SuiteRunner.java:310)
	at org.testng.SuiteRunner.run(SuiteRunner.java:259)
	at org.testng.SuiteRunnerWorker.runSuite(SuiteRunnerWorker.java:52)
	at org.testng.SuiteRunnerWorker.run(SuiteRunnerWorker.java:86)
	at org.testng.TestNG.runSuitesSequentially(TestNG.java:1199)
	at org.testng.TestNG.runSuitesLocally(TestNG.java:1124)
	at org.testng.TestNG.run(TestNG.java:1032)
	at org.apache.maven.surefire.testng.TestNGExecutor.run(TestNGExecutor.java:295)
	at org.apache.maven.surefire.testng.TestNGXmlTestSuite.execute(TestNGXmlTestSuite.java:84)
	at org.apache.maven.surefire.testng.TestNGProvider.invoke(TestNGProvider.java:90)
	at org.apache.maven.surefire.booter.ForkedBooter.invokeProviderInSameClassLoader(ForkedBooter.java:203)
	at org.apache.maven.surefire.booter.ForkedBooter.runSuitesInProcess(ForkedBooter.java:155)
	at org.apache.maven.surefire.booter.ForkedBooter.main(ForkedBooter.java:103)
</pre></div></td>
<td>17</td>
<td>org.rm.automation.admin.tests.resources.CreateResourceAnother@1d057a39</td></tr>
<tr>
<td title='org.rm.automation.admin.tests.resources.DeleteResourceAnother.testDeleteResource()'><b>testDeleteResource</b><br>Test class: org.rm.automation.admin.tests.resources.DeleteResourceAnother<br/>
<a href="#Output-2099802038" onClick='toggleBox("Output-2099802038", this, "Show output", "Hide output");'>Show output</a>

<a href="#Output-2099802038" onClick="toggleAllBoxes();">Show all outputs</a>
<div class='log' id="Output-2099802038">
<b>Test Case Title: Resources Acceptance Test Cases</b><br/><br/>
<b>Screenshot: </b><br/><a href='..\screenshots\Resources_Acceptance_Test_Cases-29_Sep_2015__12_13_41PM.png'><img src='..\screenshots\Resources_Acceptance_Test_Cases-29_Sep_2015__12_13_41PM.png' alt='' height='400' width='600'/><br/><br/>
</div>
</td>
<td><div><pre>org.openqa.selenium.NoSuchElementException: Unable to locate element: {&quot;method&quot;:&quot;xpath&quot;,&quot;selector&quot;:&quot;//div[@ng-style=&apos;rowStyle(row)&apos;]&quot;}
Command duration or timeout: 10.55 seconds
For documentation on this error, please visit: http://seleniumhq.org/exceptions/no_such_element.html
Build info: version: &apos;2.47.1&apos;, revision: &apos;unknown&apos;, time: &apos;2015-07-30 11:02:44&apos;
System info: host: &apos;QAD03PFERCA001&apos;, ip: &apos;172.20.200.17&apos;, os.name: &apos;Windows Server 2012 R2&apos;, os.arch: &apos;amd64&apos;, os.version: &apos;6.3&apos;, java.version: &apos;1.8.0_51&apos;
Driver info: org.openqa.selenium.firefox.FirefoxDriver
Capabilities [{applicationCacheEnabled=true, rotatable=false, handlesAlerts=true, databaseEnabled=true, version=40.0.3, platform=WINDOWS, nativeEvents=false, acceptSslCerts=true, webStorageEnabled=true, locationContextEnabled=true, browserName=firefox, takesScreenshot=true, javascriptEnabled=true, cssSelectorsEnabled=true}]
Session ID: ac102b43-01fd-4241-9f6a-0f64fa1406a0
*** Element info: {Using=xpath, value=//div[@ng-style=&apos;rowStyle(row)&apos;]}
	at org.openqa.selenium.remote.ErrorHandler.createThrowable(ErrorHandler.java:206)
	at org.openqa.selenium.remote.ErrorHandler.throwIfResponseFailed(ErrorHandler.java:158)
	at org.openqa.selenium.remote.RemoteWebDriver.execute(RemoteWebDriver.java:595)
	at org.openqa.selenium.remote.RemoteWebDriver.findElement(RemoteWebDriver.java:348)
	at org.openqa.selenium.remote.RemoteWebDriver.findElementByXPath(RemoteWebDriver.java:445)
	at org.openqa.selenium.By$ByXPath.findElement(By.java:358)
	at org.openqa.selenium.remote.RemoteWebDriver.findElement(RemoteWebDriver.java:340)
	at org.rm.automation.admin.pageobjects.resources.ResourcesPage.isElementPresent(ResourcesPage.java:243)
	at org.rm.automation.admin.pageobjects.resources.ResourcesPage.isResourceDeleted(ResourcesPage.java:208)
	at org.rm.automation.admin.tests.resources.DeleteResourceAnother.testDeleteResource(DeleteResourceAnother.java:67)
Caused by: org.openqa.selenium.NoSuchElementException: Unable to locate element: {&quot;method&quot;:&quot;xpath&quot;,&quot;selector&quot;:&quot;//div[@ng-style=&apos;rowStyle(row)&apos;]&quot;}
For documentation on this error, please visit: http://seleniumhq.org/exceptions/no_such_element.html
Build info: version: &apos;2.47.1&apos;, revision: &apos;unknown&apos;, time: &apos;2015-07-30 11:02:44&apos;
System info: host: &apos;QAD03PFERCA001&apos;, ip: &apos;172.20.200.17&apos;, os.name: &apos;Windows Server 2012 R2&apos;, os.arch: &apos;amd64&apos;, os.version: &apos;6.3&apos;, java.version: &apos;1.8.0_51&apos;
Driver info: driver.version: unknown
	at &lt;anonymous class&gt;.FirefoxDriver.prototype.findElementInternal_(file:///C:/Users/LUISCA~1/AppData/Local/Temp/4/anonymous3708590208404902821webdriver-profile/extensions/fxdriver@googlecode.com/components/driver-component.js:10667)
	at &lt;anonymous class&gt;.fxdriver.Timer.prototype.setTimeout/&lt;.notify(file:///C:/Users/LUISCA~1/AppData/Local/Temp/4/anonymous3708590208404902821webdriver-profile/extensions/fxdriver@googlecode.com/components/driver-component.js:623)
... Removed 31 stack frames</pre></div><a href='#' onClick='toggleBox("stack-trace2099802038", this, "Click to show all stack frames", "Click to hide stack frames")'>Click to show all stack frames</a>
<div class='stack-trace' id='stack-trace2099802038'><pre>org.openqa.selenium.NoSuchElementException: Unable to locate element: {&quot;method&quot;:&quot;xpath&quot;,&quot;selector&quot;:&quot;//div[@ng-style=&apos;rowStyle(row)&apos;]&quot;}
Command duration or timeout: 10.55 seconds
For documentation on this error, please visit: http://seleniumhq.org/exceptions/no_such_element.html
Build info: version: &apos;2.47.1&apos;, revision: &apos;unknown&apos;, time: &apos;2015-07-30 11:02:44&apos;
System info: host: &apos;QAD03PFERCA001&apos;, ip: &apos;172.20.200.17&apos;, os.name: &apos;Windows Server 2012 R2&apos;, os.arch: &apos;amd64&apos;, os.version: &apos;6.3&apos;, java.version: &apos;1.8.0_51&apos;
Driver info: org.openqa.selenium.firefox.FirefoxDriver
Capabilities [{applicationCacheEnabled=true, rotatable=false, handlesAlerts=true, databaseEnabled=true, version=40.0.3, platform=WINDOWS, nativeEvents=false, acceptSslCerts=true, webStorageEnabled=true, locationContextEnabled=true, browserName=firefox, takesScreenshot=true, javascriptEnabled=true, cssSelectorsEnabled=true}]
Session ID: ac102b43-01fd-4241-9f6a-0f64fa1406a0
*** Element info: {Using=xpath, value=//div[@ng-style=&apos;rowStyle(row)&apos;]}
	at sun.reflect.NativeConstructorAccessorImpl.newInstance0(Native Method)
	at sun.reflect.NativeConstructorAccessorImpl.newInstance(NativeConstructorAccessorImpl.java:62)
	at sun.reflect.DelegatingConstructorAccessorImpl.newInstance(DelegatingConstructorAccessorImpl.java:45)
	at java.lang.reflect.Constructor.newInstance(Constructor.java:422)
	at org.openqa.selenium.remote.ErrorHandler.createThrowable(ErrorHandler.java:206)
	at org.openqa.selenium.remote.ErrorHandler.throwIfResponseFailed(ErrorHandler.java:158)
	at org.openqa.selenium.remote.RemoteWebDriver.execute(RemoteWebDriver.java:595)
	at org.openqa.selenium.remote.RemoteWebDriver.findElement(RemoteWebDriver.java:348)
	at org.openqa.selenium.remote.RemoteWebDriver.findElementByXPath(RemoteWebDriver.java:445)
	at org.openqa.selenium.By$ByXPath.findElement(By.java:358)
	at org.openqa.selenium.remote.RemoteWebDriver.findElement(RemoteWebDriver.java:340)
	at org.rm.automation.admin.pageobjects.resources.ResourcesPage.isElementPresent(ResourcesPage.java:243)
	at org.rm.automation.admin.pageobjects.resources.ResourcesPage.isResourceDeleted(ResourcesPage.java:208)
	at org.rm.automation.admin.tests.resources.DeleteResourceAnother.testDeleteResource(DeleteResourceAnother.java:67)
	at sun.reflect.NativeMethodAccessorImpl.invoke0(Native Method)
	at sun.reflect.NativeMethodAccessorImpl.invoke(NativeMethodAccessorImpl.java:62)
	at sun.reflect.DelegatingMethodAccessorImpl.invoke(DelegatingMethodAccessorImpl.java:43)
	at java.lang.reflect.Method.invoke(Method.java:497)
	at org.testng.internal.MethodInvocationHelper.invokeMethod(MethodInvocationHelper.java:85)
	at org.testng.internal.Invoker.invokeMethod(Invoker.java:659)
	at org.testng.internal.Invoker.invokeTestMethod(Invoker.java:845)
	at org.testng.internal.Invoker.invokeTestMethods(Invoker.java:1153)
	at org.testng.internal.TestMethodWorker.invokeTestMethods(TestMethodWorker.java:125)
	at org.testng.internal.TestMethodWorker.run(TestMethodWorker.java:108)
	at org.testng.TestRunner.privateRun(TestRunner.java:771)
	at org.testng.TestRunner.run(TestRunner.java:621)
	at org.testng.SuiteRunner.runTest(SuiteRunner.java:357)
	at org.testng.SuiteRunner.runSequentially(SuiteRunner.java:352)
	at org.testng.SuiteRunner.privateRun(SuiteRunner.java:310)
	at org.testng.SuiteRunner.run(SuiteRunner.java:259)
	at org.testng.SuiteRunnerWorker.runSuite(SuiteRunnerWorker.java:52)
	at org.testng.SuiteRunnerWorker.run(SuiteRunnerWorker.java:86)
	at org.testng.TestNG.runSuitesSequentially(TestNG.java:1199)
	at org.testng.TestNG.runSuitesLocally(TestNG.java:1124)
	at org.testng.TestNG.run(TestNG.java:1032)
	at org.apache.maven.surefire.testng.TestNGExecutor.run(TestNGExecutor.java:295)
	at org.apache.maven.surefire.testng.TestNGXmlTestSuite.execute(TestNGXmlTestSuite.java:84)
	at org.apache.maven.surefire.testng.TestNGProvider.invoke(TestNGProvider.java:90)
	at org.apache.maven.surefire.booter.ForkedBooter.invokeProviderInSameClassLoader(ForkedBooter.java:203)
	at org.apache.maven.surefire.booter.ForkedBooter.runSuitesInProcess(ForkedBooter.java:155)
	at org.apache.maven.surefire.booter.ForkedBooter.main(ForkedBooter.java:103)
Caused by: org.openqa.selenium.NoSuchElementException: Unable to locate element: {&quot;method&quot;:&quot;xpath&quot;,&quot;selector&quot;:&quot;//div[@ng-style=&apos;rowStyle(row)&apos;]&quot;}
For documentation on this error, please visit: http://seleniumhq.org/exceptions/no_such_element.html
Build info: version: &apos;2.47.1&apos;, revision: &apos;unknown&apos;, time: &apos;2015-07-30 11:02:44&apos;
System info: host: &apos;QAD03PFERCA001&apos;, ip: &apos;172.20.200.17&apos;, os.name: &apos;Windows Server 2012 R2&apos;, os.arch: &apos;amd64&apos;, os.version: &apos;6.3&apos;, java.version: &apos;1.8.0_51&apos;
Driver info: driver.version: unknown
	at &lt;anonymous class&gt;.FirefoxDriver.prototype.findElementInternal_(file:///C:/Users/LUISCA~1/AppData/Local/Temp/4/anonymous3708590208404902821webdriver-profile/extensions/fxdriver@googlecode.com/components/driver-component.js:10667)
	at &lt;anonymous class&gt;.fxdriver.Timer.prototype.setTimeout/&lt;.notify(file:///C:/Users/LUISCA~1/AppData/Local/Temp/4/anonymous3708590208404902821webdriver-profile/extensions/fxdriver@googlecode.com/components/driver-component.js:623)
</pre></div></td>
<td>15</td>
<td>org.rm.automation.admin.tests.resources.DeleteResourceAnother@66a3ffec</td></tr>
</table><p>
<table width='100%' border='1' class='invocation-passed'>
<tr><td colspan='4' align='center'><b>PASSED TESTS</b></td></tr>
<tr><td><b>Test method</b></td>
<td width="30%"><b>Exception</b></td>
<td width="10%"><b>Time (seconds)</b></td>
<td><b>Instance</b></td>
</tr>
<tr>
<td title='org.rm.automation.admin.tests.resources.CreateResource.testCreateResource()'><b>testCreateResource</b><br>Test class: org.rm.automation.admin.tests.resources.CreateResource<br/>
<a href="#Output-818493590" onClick='toggleBox("Output-818493590", this, "Show output", "Hide output");'>Show output</a>

<a href="#Output-818493590" onClick="toggleAllBoxes();">Show all outputs</a>
<div class='log' id="Output-818493590">
<b>Test Case Title: Resources Acceptance Test Cases</b><br/><br/>
</div>
</td>
<td></td>
<td>10</td>
<td>org.rm.automation.admin.tests.resources.CreateResource@47c62251</td></tr>
<tr>
<td title='org.rm.automation.admin.tests.resources.CreateResourceAllFields.testCreateResourceAllFields()'><b>testCreateResourceAllFields</b><br>Test class: org.rm.automation.admin.tests.resources.CreateResourceAllFields<br/>
<a href="#Output-858232531" onClick='toggleBox("Output-858232531", this, "Show output", "Hide output");'>Show output</a>

<a href="#Output-858232531" onClick="toggleAllBoxes();">Show all outputs</a>
<div class='log' id="Output-858232531">
<b>Test Case Title: Resources Acceptance Test Cases</b><br/><br/>
</div>
</td>
<td></td>
<td>14</td>
<td>org.rm.automation.admin.tests.resources.CreateResourceAllFields@77caeb3e</td></tr>
<tr>
<td title='org.rm.automation.admin.tests.resources.DeleteResource.testDeleteResource()'><b>testDeleteResource</b><br>Test class: org.rm.automation.admin.tests.resources.DeleteResource<br/>
<a href="#Output-633326333" onClick='toggleBox("Output-633326333", this, "Show output", "Hide output");'>Show output</a>

<a href="#Output-633326333" onClick="toggleAllBoxes();">Show all outputs</a>
<div class='log' id="Output-633326333">
<b>Test Case Title: Resources Acceptance Test Cases</b><br/><br/>
</div>
</td>
<td></td>
<td>12</td>
<td>org.rm.automation.admin.tests.resources.DeleteResource@3532ec19</td></tr>
<tr>
<td title='org.rm.automation.admin.tests.resources.SearchResource.testSearchResource()'><b>testSearchResource</b><br>Test class: org.rm.automation.admin.tests.resources.SearchResource<br/>
<a href="#Output-1216198248" onClick='toggleBox("Output-1216198248", this, "Show output", "Hide output");'>Show output</a>

<a href="#Output-1216198248" onClick="toggleAllBoxes();">Show all outputs</a>
<div class='log' id="Output-1216198248">
<b>Test Case Title: Resources Acceptance Test Cases</b><br/><br/>
</div>
</td>
<td></td>
<td>7</td>
<td>org.rm.automation.admin.tests.resources.SearchResource@5e5792a0</td></tr>
<tr>
<td title='org.rm.automation.admin.tests.resources.UpdateDescription.testUpdateDescription()'><b>testUpdateDescription</b><br>Test class: org.rm.automation.admin.tests.resources.UpdateDescription<br/>
<a href="#Output-2010545395" onClick='toggleBox("Output-2010545395", this, "Show output", "Hide output");'>Show output</a>

<a href="#Output-2010545395" onClick="toggleAllBoxes();">Show all outputs</a>
<div class='log' id="Output-2010545395">
<b>Test Case Title: Resources Acceptance Test Cases</b><br/><br/>
</div>
</td>
<td></td>
<td>10</td>
<td>org.rm.automation.admin.tests.resources.UpdateDescription@68c4039c</td></tr>
<tr>
<td title='org.rm.automation.admin.tests.resources.UpdateDisplayName.testUpdateDisplayName()'><b>testUpdateDisplayName</b><br>Test class: org.rm.automation.admin.tests.resources.UpdateDisplayName<br/>
<a href="#Output-977674685" onClick='toggleBox("Output-977674685", this, "Show output", "Hide output");'>Show output</a>

<a href="#Output-977674685" onClick="toggleAllBoxes();">Show all outputs</a>
<div class='log' id="Output-977674685">
<b>Test Case Title: Resources Acceptance Test Cases</b><br/><br/>
</div>
</td>
<td></td>
<td>10</td>
<td>org.rm.automation.admin.tests.resources.UpdateDisplayName@26653222</td></tr>
<tr>
<td title='org.rm.automation.admin.tests.resources.UpdateIcon.testUpdateIcon()'><b>testUpdateIcon</b><br>Test class: org.rm.automation.admin.tests.resources.UpdateIcon<br/>
<a href="#Output-1444440224" onClick='toggleBox("Output-1444440224", this, "Show output", "Hide output");'>Show output</a>

<a href="#Output-1444440224" onClick="toggleAllBoxes();">Show all outputs</a>
<div class='log' id="Output-1444440224">
<b>Test Case Title: Resources Acceptance Test Cases</b><br/><br/>
</div>
</td>
<td></td>
<td>11</td>
<td>org.rm.automation.admin.tests.resources.UpdateIcon@3e6fa38a</td></tr>
<tr>
<td title='org.rm.automation.admin.tests.resources.UpdateName.testUpdateName()'><b>testUpdateName</b><br>Test class: org.rm.automation.admin.tests.resources.UpdateName<br/>
<a href="#Output-1690713209" onClick='toggleBox("Output-1690713209", this, "Show output", "Hide output");'>Show output</a>

<a href="#Output-1690713209" onClick="toggleAllBoxes();">Show all outputs</a>
<div class='log' id="Output-1690713209">
<b>Test Case Title: Resources Acceptance Test Cases</b><br/><br/>
</div>
</td>
<td></td>
<td>9</td>
<td>org.rm.automation.admin.tests.resources.UpdateName@6f7fd0e6</td></tr>
</table><p>
</body>
</html>