<?xml version="1.0" encoding="UTF-8"?>
<!-- Generated by org.testng.reporters.JUnitXMLReporter -->
<testsuite hostname="QAD03PFERCA001" name="Resources Acceptance Test Cases" tests="10" failures="2" timestamp="29 Sep 2015 16:15:28 GMT" time="122.47" errors="0">
  <testcase name="testDeleteResource" time="15.838" classname="org.rm.automation.admin.tests.resources.DeleteResourceAnother">
    <failure type="org.openqa.selenium.NoSuchElementException" message="Unable to locate element: {&amp;quot;method&amp;quot;:&amp;quot;xpath&amp;quot;,&amp;quot;selector&amp;quot;:&amp;quot;//div[@ng-style=&amp;apos;rowStyle(row)&amp;apos;]&amp;quot;}
Command duration or timeout: 10.55 seconds
For documentation on this error, please visit: http://seleniumhq.org/exceptions/no_such_element.html
Build info: version: &amp;apos;2.47.1&amp;apos;, revision: &amp;apos;unknown&amp;apos;, time: &amp;apos;2015-07-30 11:02:44&amp;apos;
System info: host: &amp;apos;QAD03PFERCA001&amp;apos;, ip: &amp;apos;172.20.200.17&amp;apos;, os.name: &amp;apos;Windows Server 2012 R2&amp;apos;, os.arch: &amp;apos;amd64&amp;apos;, os.version: &amp;apos;6.3&amp;apos;, java.version: &amp;apos;1.8.0_51&amp;apos;
Driver info: org.openqa.selenium.firefox.FirefoxDriver
Capabilities [{applicationCacheEnabled=true, rotatable=false, handlesAlerts=true, databaseEnabled=true, version=40.0.3, platform=WINDOWS, nativeEvents=false, acceptSslCerts=true, webStorageEnabled=true, locationContextEnabled=true, browserName=firefox, takesScreenshot=true, javascriptEnabled=true, cssSelectorsEnabled=true}]
Session ID: ac102b43-01fd-4241-9f6a-0f64fa1406a0
*** Element info: {Using=xpath, value=//div[@ng-style=&amp;apos;rowStyle(row)&amp;apos;]}">
      <![CDATA[org.openqa.selenium.NoSuchElementException: Unable to locate element: {"method":"xpath","selector":"//div[@ng-style='rowStyle(row)']"}
Command duration or timeout: 10.55 seconds
For documentation on this error, please visit: http://seleniumhq.org/exceptions/no_such_element.html
Build info: version: '2.47.1', revision: 'unknown', time: '2015-07-30 11:02:44'
System info: host: 'QAD03PFERCA001', ip: '172.20.200.17', os.name: 'Windows Server 2012 R2', os.arch: 'amd64', os.version: '6.3', java.version: '1.8.0_51'
Driver info: org.openqa.selenium.firefox.FirefoxDriver
Capabilities [{applicationCacheEnabled=true, rotatable=false, handlesAlerts=true, databaseEnabled=true, version=40.0.3, platform=WINDOWS, nativeEvents=false, acceptSslCerts=true, webStorageEnabled=true, locationContextEnabled=true, browserName=firefox, takesScreenshot=true, javascriptEnabled=true, cssSelectorsEnabled=true}]
Session ID: ac102b43-01fd-4241-9f6a-0f64fa1406a0
*** Element info: {Using=xpath, value=//div[@ng-style='rowStyle(row)']}
	at org.openqa.selenium.remote.ErrorHandler.createThrowable(ErrorHandler.java:206)
	at org.openqa.selenium.remote.ErrorHandler.throwIfResponseFailed(ErrorHandler.java:158)
	at org.openqa.selenium.remote.RemoteWebDriver.execute(RemoteWebDriver.java:595)
	at org.openqa.selenium.remote.RemoteWebDriver.findElement(RemoteWebDriver.java:348)
	at org.openqa.selenium.remote.RemoteWebDriver.findElementByXPath(RemoteWebDriver.java:445)
	at org.openqa.selenium.By$ByXPath.findElement(By.java:358)
	at org.openqa.selenium.remote.RemoteWebDriver.findElement(RemoteWebDriver.java:340)
	at org.rm.automation.admin.pageobjects.resources.ResourcesPage.isElementPresent(ResourcesPage.java:243)
	at org.rm.automation.admin.pageobjects.resources.ResourcesPage.isResourceDeleted(ResourcesPage.java:208)
	at org.rm.automation.admin.tests.resources.DeleteResourceAnother.testDeleteResource(DeleteResourceAnother.java:67)
Caused by: org.openqa.selenium.NoSuchElementException: Unable to locate element: {"method":"xpath","selector":"//div[@ng-style='rowStyle(row)']"}
For documentation on this error, please visit: http://seleniumhq.org/exceptions/no_such_element.html
Build info: version: '2.47.1', revision: 'unknown', time: '2015-07-30 11:02:44'
System info: host: 'QAD03PFERCA001', ip: '172.20.200.17', os.name: 'Windows Server 2012 R2', os.arch: 'amd64', os.version: '6.3', java.version: '1.8.0_51'
Driver info: driver.version: unknown
	at <anonymous class>.FirefoxDriver.prototype.findElementInternal_(file:///C:/Users/LUISCA~1/AppData/Local/Temp/4/anonymous3708590208404902821webdriver-profile/extensions/fxdriver@googlecode.com/components/driver-component.js:10667)
	at <anonymous class>.fxdriver.Timer.prototype.setTimeout/<.notify(file:///C:/Users/LUISCA~1/AppData/Local/Temp/4/anonymous3708590208404902821webdriver-profile/extensions/fxdriver@googlecode.com/components/driver-component.js:623)
... Removed 31 stack frames]]>
    </failure>
  </testcase> <!-- testDeleteResource -->
  <testcase name="testCreateResource" time="17.639" classname="org.rm.automation.admin.tests.resources.CreateResourceAnother">
    <failure type="org.openqa.selenium.NoSuchElementException" message="No resources were found
For documentation on this error, please visit: http://seleniumhq.org/exceptions/no_such_element.html
Build info: version: &amp;apos;2.47.1&amp;apos;, revision: &amp;apos;unknown&amp;apos;, time: &amp;apos;2015-07-30 11:02:44&amp;apos;
System info: host: &amp;apos;QAD03PFERCA001&amp;apos;, ip: &amp;apos;172.20.200.17&amp;apos;, os.name: &amp;apos;Windows Server 2012 R2&amp;apos;, os.arch: &amp;apos;amd64&amp;apos;, os.version: &amp;apos;6.3&amp;apos;, java.version: &amp;apos;1.8.0_51&amp;apos;
Driver info: driver.version: unknown">
      <![CDATA[org.openqa.selenium.NoSuchElementException: No resources were found
For documentation on this error, please visit: http://seleniumhq.org/exceptions/no_such_element.html
Build info: version: '2.47.1', revision: 'unknown', time: '2015-07-30 11:02:44'
System info: host: 'QAD03PFERCA001', ip: '172.20.200.17', os.name: 'Windows Server 2012 R2', os.arch: 'amd64', os.version: '6.3', java.version: '1.8.0_51'
Driver info: driver.version: unknown
	at org.rm.automation.admin.pageobjects.resources.ResourcesPage.getName(ResourcesPage.java:132)
	at org.rm.automation.admin.tests.resources.CreateResourceAnother.testCreateResource(CreateResourceAnother.java:55)
... Removed 27 stack frames]]>
    </failure>
  </testcase> <!-- testCreateResource -->
  <testcase name="testCreateResource" time="10.916" classname="org.rm.automation.admin.tests.resources.CreateResource"/>
  <testcase name="testCreateResourceAllFields" time="14.521" classname="org.rm.automation.admin.tests.resources.CreateResourceAllFields"/>
  <testcase name="testUpdateName" time="9.725" classname="org.rm.automation.admin.tests.resources.UpdateName"/>
  <testcase name="testUpdateDisplayName" time="10.03" classname="org.rm.automation.admin.tests.resources.UpdateDisplayName"/>
  <testcase name="testUpdateIcon" time="11.594" classname="org.rm.automation.admin.tests.resources.UpdateIcon"/>
  <testcase name="testUpdateDescription" time="10.546" classname="org.rm.automation.admin.tests.resources.UpdateDescription"/>
  <testcase name="testSearchResource" time="7.234" classname="org.rm.automation.admin.tests.resources.SearchResource"/>
  <testcase name="testDeleteResource" time="12.297" classname="org.rm.automation.admin.tests.resources.DeleteResource"/>
</testsuite> <!-- Resources Acceptance Test Cases -->
